2020-08-23 22:43:47,862 : INFO : Start of Prediction
2020-08-23 22:43:47,862 : INFO : run_id:2020-08-23_224347_565861289
2020-08-23 22:43:47,862 : INFO : Start of Data Load, validation and transformation
2020-08-23 22:43:47,863 : INFO : Start of Archiving Old Rejected Files...
2020-08-23 22:43:47,863 : INFO : End of Archiving Old Rejected Files...
2020-08-23 22:43:47,863 : INFO : Start of Archiving Old Validated Files...
2020-08-23 22:43:47,865 : INFO : End of Archiving Old Validated Files...
2020-08-23 22:43:47,866 : INFO : Start of Archiving Old Processed Files...
2020-08-23 22:43:47,866 : INFO : End of Archiving Old Processed Files...
2020-08-23 22:43:47,866 : INFO : Start of Archiving Old Result Files...
2020-08-23 22:43:47,867 : INFO : End of Archiving Old Result Files...
2020-08-23 22:43:47,867 : INFO : Start of Reading values From Schema...
2020-08-23 22:43:47,868 : INFO : End of Reading values From Schema...
2020-08-23 22:43:47,868 : INFO : Start of Validating Column Length...
2020-08-23 22:43:47,868 : INFO : End of Validating Column Length...
2020-08-23 22:43:47,868 : INFO : Start of Validating Missing Values...
2020-08-23 22:43:47,868 : INFO : End of Validating Missing Values...
2020-08-23 22:43:47,868 : INFO : Start of Replacing Missing Values with NULL...
2020-08-23 22:43:47,869 : INFO : End of Replacing Missing Values with NULL...
2020-08-23 22:43:47,869 : INFO : Start of Creating Table...
2020-08-23 22:43:47,869 : INFO : Opened prediction database successfully
2020-08-23 22:43:48,302 : INFO : CREATE TABLE prediction_raw_data_t column_name
2020-08-23 22:43:48,459 : INFO : ALTER TABLE prediction_raw_data_t ADD COLUMN
2020-08-23 22:43:48,600 : INFO : ALTER TABLE prediction_raw_data_t ADD COLUMN
2020-08-23 22:43:48,823 : INFO : ALTER TABLE prediction_raw_data_t ADD COLUMN
2020-08-23 22:43:48,983 : INFO : ALTER TABLE prediction_raw_data_t ADD COLUMN
2020-08-23 22:43:49,101 : INFO : ALTER TABLE prediction_raw_data_t ADD COLUMN
2020-08-23 22:43:49,271 : INFO : ALTER TABLE prediction_raw_data_t ADD COLUMN
2020-08-23 22:43:49,398 : INFO : ALTER TABLE prediction_raw_data_t ADD COLUMN
2020-08-23 22:43:49,660 : INFO : ALTER TABLE prediction_raw_data_t ADD COLUMN
2020-08-23 22:43:49,776 : INFO : ALTER TABLE prediction_raw_data_t ADD COLUMN
2020-08-23 22:43:49,892 : INFO : ALTER TABLE prediction_raw_data_t ADD COLUMN
2020-08-23 22:43:50,022 : INFO : ALTER TABLE prediction_raw_data_t ADD COLUMN
2020-08-23 22:43:50,158 : INFO : ALTER TABLE prediction_raw_data_t ADD COLUMN
2020-08-23 22:43:50,286 : INFO : ALTER TABLE prediction_raw_data_t ADD COLUMN
2020-08-23 22:43:50,448 : INFO : ALTER TABLE prediction_raw_data_t ADD COLUMN
2020-08-23 22:43:50,450 : INFO : End of Creating Table...
2020-08-23 22:43:50,454 : INFO : Opened prediction database successfully
2020-08-23 22:43:50,455 : INFO : Start of Inserting Data into Table...
2020-08-23 22:43:50,456 : INFO : End of Inserting Data into Table...
2020-08-23 22:43:50,456 : INFO : Start of Exporting Data into CSV...
2020-08-23 22:43:50,459 : INFO : Opened prediction database successfully
2020-08-23 22:43:50,467 : INFO : End of Exporting Data into CSV...
2020-08-23 22:43:50,469 : INFO : Start of Moving Processed Files...
2020-08-23 22:43:50,470 : INFO : End of Moving Processed Files...
2020-08-23 22:43:50,471 : INFO : End of Data Load, validation and transformation
2020-08-23 22:43:50,471 : INFO : Start of Preprocessing...
2020-08-23 22:43:50,472 : INFO : Start of reading dataset...
2020-08-23 22:43:50,514 : INFO : End of reading dataset...
2020-08-23 22:43:50,515 : INFO : Start of Droping Columns...
2020-08-23 22:43:50,521 : INFO : End of Droping Columns...
2020-08-23 22:43:50,521 : INFO : Start of replacing invalid values...
2020-08-23 22:43:50,577 : INFO : end of replacing invalid values...
2020-08-23 22:43:50,577 : INFO : Start of encode Categorical Values ...
2020-08-23 22:43:50,627 : INFO : end of encode Categorical Values...
2020-08-23 22:43:50,627 : INFO : Start of feature encoding...
2020-08-23 22:43:50,825 : INFO : End of feature encoding...
2020-08-23 22:43:50,838 : INFO : Start of Droping Columns...
2020-08-23 22:43:50,844 : INFO : End of Droping Columns...
2020-08-23 22:43:50,846 : INFO : Start of finding missing values...
2020-08-23 22:43:50,852 : INFO : End of finding missing values...
2020-08-23 22:43:50,852 : INFO : Start feature selection of dataset...
2020-08-23 22:43:50,856 : INFO : End feature selection of dataset...
2020-08-23 22:43:50,857 : INFO : Start of building final predictset...
2020-08-23 22:43:50,884 : INFO : End of building final predictset...
2020-08-23 22:43:50,885 : INFO : End of Preprocessing...
2020-08-23 22:43:50,886 : INFO : Start of Load Model
2020-08-23 22:43:50,888 : INFO : Model File RandomForest loaded
2020-08-23 22:43:50,889 : INFO : End of Load Model
2020-08-23 22:43:50,894 : ERROR : Unsuccessful End of Prediction
Traceback (most recent call last):
  File "C:\Users\sreeh\Desktop\group project\actual project\apps\prediction\predict_model.py", line 60, in batch_predict_from_model
    y_predicted = model.predict(self.X)
  File "C:\Users\sreeh\anaconda3\envs\Credit_Approval\lib\site-packages\sklearn\ensemble\_forest.py", line 612, in predict
    proba = self.predict_proba(X)
  File "C:\Users\sreeh\anaconda3\envs\Credit_Approval\lib\site-packages\sklearn\ensemble\_forest.py", line 656, in predict_proba
    X = self._validate_X_predict(X)
  File "C:\Users\sreeh\anaconda3\envs\Credit_Approval\lib\site-packages\sklearn\ensemble\_forest.py", line 412, in _validate_X_predict
    return self.estimators_[0]._validate_X_predict(X, check_input=True)
  File "C:\Users\sreeh\anaconda3\envs\Credit_Approval\lib\site-packages\sklearn\tree\_classes.py", line 380, in _validate_X_predict
    X = check_array(X, dtype=DTYPE, accept_sparse="csr")
  File "C:\Users\sreeh\anaconda3\envs\Credit_Approval\lib\site-packages\sklearn\utils\validation.py", line 586, in check_array
    context))
ValueError: Found array with 0 sample(s) (shape=(0, 4)) while a minimum of 1 is required.
