2020-08-23 22:47:55,058 : INFO : Start of Prediction
2020-08-23 22:47:55,058 : INFO : run_id:2020-08-23_224755_653370290
2020-08-23 22:47:55,059 : INFO : Start of Data Load, validation and transformation
2020-08-23 22:47:55,059 : INFO : Start of Archiving Old Rejected Files...
2020-08-23 22:47:55,059 : INFO : End of Archiving Old Rejected Files...
2020-08-23 22:47:55,059 : INFO : Start of Archiving Old Validated Files...
2020-08-23 22:47:55,062 : INFO : End of Archiving Old Validated Files...
2020-08-23 22:47:55,062 : INFO : Start of Archiving Old Processed Files...
2020-08-23 22:47:55,062 : INFO : End of Archiving Old Processed Files...
2020-08-23 22:47:55,062 : INFO : Start of Archiving Old Result Files...
2020-08-23 22:47:55,719 : INFO : End of Archiving Old Result Files...
2020-08-23 22:47:55,719 : INFO : Start of Reading values From Schema...
2020-08-23 22:47:55,721 : INFO : End of Reading values From Schema...
2020-08-23 22:47:55,722 : INFO : Start of Validating Column Length...
2020-08-23 22:47:55,764 : INFO : End of Validating Column Length...
2020-08-23 22:47:55,765 : INFO : Start of Validating Missing Values...
2020-08-23 22:47:55,782 : INFO : End of Validating Missing Values...
2020-08-23 22:47:55,782 : INFO : Start of Replacing Missing Values with NULL...
2020-08-23 22:47:55,851 : INFO : Credit_Approval_predict_data.csv: File Transformed successfully!!
2020-08-23 22:47:55,851 : INFO : End of Replacing Missing Values with NULL...
2020-08-23 22:47:55,852 : INFO : Start of Creating Table...
2020-08-23 22:47:55,854 : INFO : Opened prediction database successfully
2020-08-23 22:47:56,116 : INFO : CREATE TABLE prediction_raw_data_t column_name
2020-08-23 22:47:56,233 : INFO : ALTER TABLE prediction_raw_data_t ADD COLUMN
2020-08-23 22:47:56,402 : INFO : ALTER TABLE prediction_raw_data_t ADD COLUMN
2020-08-23 22:47:56,579 : INFO : ALTER TABLE prediction_raw_data_t ADD COLUMN
2020-08-23 22:47:56,676 : INFO : ALTER TABLE prediction_raw_data_t ADD COLUMN
2020-08-23 22:47:56,800 : INFO : ALTER TABLE prediction_raw_data_t ADD COLUMN
2020-08-23 22:47:57,020 : INFO : ALTER TABLE prediction_raw_data_t ADD COLUMN
2020-08-23 22:47:57,299 : INFO : ALTER TABLE prediction_raw_data_t ADD COLUMN
2020-08-23 22:47:57,645 : INFO : ALTER TABLE prediction_raw_data_t ADD COLUMN
2020-08-23 22:47:57,763 : INFO : ALTER TABLE prediction_raw_data_t ADD COLUMN
2020-08-23 22:47:57,925 : INFO : ALTER TABLE prediction_raw_data_t ADD COLUMN
2020-08-23 22:47:58,051 : INFO : ALTER TABLE prediction_raw_data_t ADD COLUMN
2020-08-23 22:47:58,223 : INFO : ALTER TABLE prediction_raw_data_t ADD COLUMN
2020-08-23 22:47:58,383 : INFO : ALTER TABLE prediction_raw_data_t ADD COLUMN
2020-08-23 22:47:58,499 : INFO : ALTER TABLE prediction_raw_data_t ADD COLUMN
2020-08-23 22:47:58,501 : INFO : End of Creating Table...
2020-08-23 22:47:58,505 : INFO : Opened prediction database successfully
2020-08-23 22:47:58,507 : INFO : Start of Inserting Data into Table...
2020-08-23 22:47:58,649 : INFO : End of Inserting Data into Table...
2020-08-23 22:47:58,650 : INFO : Start of Exporting Data into CSV...
2020-08-23 22:47:58,654 : INFO : Opened prediction database successfully
2020-08-23 22:47:58,664 : INFO : End of Exporting Data into CSV...
2020-08-23 22:47:58,668 : INFO : Start of Moving Processed Files...
2020-08-23 22:47:58,680 : INFO : Moved the already processed file Credit_Approval_predict_data.csv
2020-08-23 22:47:58,681 : INFO : End of Moving Processed Files...
2020-08-23 22:47:58,682 : INFO : End of Data Load, validation and transformation
2020-08-23 22:47:58,683 : INFO : Start of Preprocessing...
2020-08-23 22:47:58,683 : INFO : Start of reading dataset...
2020-08-23 22:47:58,726 : INFO : End of reading dataset...
2020-08-23 22:47:58,727 : INFO : Start of Droping Columns...
2020-08-23 22:47:58,734 : INFO : End of Droping Columns...
2020-08-23 22:47:58,735 : INFO : Start of replacing invalid values...
2020-08-23 22:47:58,823 : INFO : end of replacing invalid values...
2020-08-23 22:47:58,826 : INFO : Start of encode Categorical Values ...
2020-08-23 22:47:58,863 : INFO : end of encode Categorical Values...
2020-08-23 22:47:58,864 : INFO : Start of feature encoding...
2020-08-23 22:47:59,030 : INFO : End of feature encoding...
2020-08-23 22:47:59,035 : INFO : Start of Droping Columns...
2020-08-23 22:47:59,038 : INFO : End of Droping Columns...
2020-08-23 22:47:59,039 : INFO : Start of finding missing values...
2020-08-23 22:47:59,042 : INFO : End of finding missing values...
2020-08-23 22:47:59,042 : INFO : Start feature selection of dataset...
2020-08-23 22:47:59,046 : INFO : End feature selection of dataset...
2020-08-23 22:47:59,046 : INFO : Start of building final predictset...
2020-08-23 22:47:59,056 : INFO : End of building final predictset...
2020-08-23 22:47:59,058 : INFO : End of Preprocessing...
2020-08-23 22:47:59,059 : INFO : Start of Load Model
2020-08-23 22:47:59,059 : INFO : Model File RandomForest loaded
2020-08-23 22:47:59,059 : INFO : End of Load Model
2020-08-23 22:47:59,081 : INFO : End of Prediction
