2020-08-14 00:19:18,161 : INFO : Start of Prediction
2020-08-14 00:19:18,161 : INFO : run_id:2020-08-14_001918_765712790
2020-08-14 00:19:18,162 : INFO : Start of Data Load, validation and transformation
2020-08-14 00:19:18,162 : INFO : Start of Archiving Old Rejected Files...
2020-08-14 00:19:18,162 : INFO : End of Archiving Old Rejected Files...
2020-08-14 00:19:18,162 : INFO : Start of Archiving Old Validated Files...
2020-08-14 00:19:18,164 : INFO : End of Archiving Old Validated Files...
2020-08-14 00:19:18,165 : INFO : Start of Archiving Old Processed Files...
2020-08-14 00:19:18,168 : INFO : End of Archiving Old Processed Files...
2020-08-14 00:19:18,169 : INFO : Start of Archiving Old Result Files...
2020-08-14 00:19:18,170 : INFO : End of Archiving Old Result Files...
2020-08-14 00:19:18,170 : INFO : Start of Reading values From Schema...
2020-08-14 00:19:18,170 : INFO : End of Reading values From Schema...
2020-08-14 00:19:18,170 : INFO : Start of Validating Column Length...
2020-08-14 00:19:18,176 : INFO : End of Validating Column Length...
2020-08-14 00:19:18,176 : INFO : Start of Validating Missing Values...
2020-08-14 00:19:18,182 : INFO : End of Validating Missing Values...
2020-08-14 00:19:18,182 : INFO : Start of Replacing Missing Values with NULL...
2020-08-14 00:19:18,195 : INFO : Credit_Approval_predict_data.csv: File Transformed successfully!!
2020-08-14 00:19:18,195 : INFO : End of Replacing Missing Values with NULL...
2020-08-14 00:19:18,195 : INFO : Start of Creating Table...
2020-08-14 00:19:18,196 : INFO : Opened prediction database successfully
2020-08-14 00:19:18,418 : INFO : CREATE TABLE prediction_raw_data_t column_name
2020-08-14 00:19:18,606 : INFO : ALTER TABLE prediction_raw_data_t ADD COLUMN
2020-08-14 00:19:18,742 : INFO : ALTER TABLE prediction_raw_data_t ADD COLUMN
2020-08-14 00:19:18,849 : INFO : ALTER TABLE prediction_raw_data_t ADD COLUMN
2020-08-14 00:19:18,966 : INFO : ALTER TABLE prediction_raw_data_t ADD COLUMN
2020-08-14 00:19:19,081 : INFO : ALTER TABLE prediction_raw_data_t ADD COLUMN
2020-08-14 00:19:19,216 : INFO : ALTER TABLE prediction_raw_data_t ADD COLUMN
2020-08-14 00:19:19,335 : INFO : ALTER TABLE prediction_raw_data_t ADD COLUMN
2020-08-14 00:19:19,457 : INFO : ALTER TABLE prediction_raw_data_t ADD COLUMN
2020-08-14 00:19:19,645 : INFO : ALTER TABLE prediction_raw_data_t ADD COLUMN
2020-08-14 00:19:19,846 : INFO : ALTER TABLE prediction_raw_data_t ADD COLUMN
2020-08-14 00:19:20,051 : INFO : ALTER TABLE prediction_raw_data_t ADD COLUMN
2020-08-14 00:19:20,168 : INFO : ALTER TABLE prediction_raw_data_t ADD COLUMN
2020-08-14 00:19:20,273 : INFO : ALTER TABLE prediction_raw_data_t ADD COLUMN
2020-08-14 00:19:20,688 : INFO : ALTER TABLE prediction_raw_data_t ADD COLUMN
2020-08-14 00:19:20,690 : INFO : End of Creating Table...
2020-08-14 00:19:20,695 : INFO : Opened prediction database successfully
2020-08-14 00:19:20,697 : INFO : Start of Inserting Data into Table...
2020-08-14 00:19:20,828 : INFO : End of Inserting Data into Table...
2020-08-14 00:19:20,829 : INFO : Start of Exporting Data into CSV...
2020-08-14 00:19:20,833 : INFO : Opened prediction database successfully
2020-08-14 00:19:20,839 : INFO : End of Exporting Data into CSV...
2020-08-14 00:19:20,843 : INFO : Start of Moving Processed Files...
2020-08-14 00:19:20,850 : INFO : Moved the already processed file Credit_Approval_predict_data.csv
2020-08-14 00:19:20,850 : INFO : End of Moving Processed Files...
2020-08-14 00:19:20,852 : INFO : End of Data Load, validation and transformation
2020-08-14 00:19:20,853 : INFO : Start of Preprocessing...
2020-08-14 00:19:20,854 : INFO : Start of reading dataset...
2020-08-14 00:19:20,969 : INFO : End of reading dataset...
2020-08-14 00:19:20,969 : INFO : Start of Droping Columns...
2020-08-14 00:19:20,975 : INFO : End of Droping Columns...
2020-08-14 00:19:20,975 : INFO : Start of replacing invalid values...
2020-08-14 00:19:21,019 : INFO : end of replacing invalid values...
2020-08-14 00:19:21,019 : INFO : Start of encode Categorical Values ...
2020-08-14 00:19:21,026 : INFO : end of encode Categorical Values...
2020-08-14 00:19:21,026 : INFO : Start of feature encoding...
2020-08-14 00:19:21,053 : INFO : End of feature encoding...
2020-08-14 00:19:21,056 : INFO : Start of Droping Columns...
2020-08-14 00:19:21,057 : INFO : End of Droping Columns...
2020-08-14 00:19:21,058 : INFO : Start of finding missing values...
2020-08-14 00:19:21,058 : INFO : End of finding missing values...
2020-08-14 00:19:21,059 : INFO : Start feature selection of dataset...
2020-08-14 00:19:21,060 : INFO : End feature selection of dataset...
2020-08-14 00:19:21,060 : INFO : Start of building final predictset...
2020-08-14 00:19:21,066 : INFO : End of building final predictset...
2020-08-14 00:19:21,066 : INFO : End of Preprocessing...
2020-08-14 00:19:21,066 : INFO : Start of Load Model
2020-08-14 00:19:21,067 : INFO : Model File RandomForest loaded
2020-08-14 00:19:21,068 : INFO : End of Load Model
2020-08-14 00:19:21,151 : INFO : End of Prediction
