2020-08-13 23:49:29,852 : INFO : Start of Prediction
2020-08-13 23:49:29,852 : INFO : run_id:2020-08-13_234929_262880522
2020-08-13 23:49:29,852 : INFO : Start of Data Load, validation and transformation
2020-08-13 23:49:29,852 : INFO : Start of Archiving Old Rejected Files...
2020-08-13 23:49:29,853 : INFO : End of Archiving Old Rejected Files...
2020-08-13 23:49:29,853 : INFO : Start of Archiving Old Validated Files...
2020-08-13 23:49:29,854 : INFO : End of Archiving Old Validated Files...
2020-08-13 23:49:29,855 : INFO : Start of Archiving Old Processed Files...
2020-08-13 23:49:29,855 : INFO : End of Archiving Old Processed Files...
2020-08-13 23:49:29,855 : INFO : Start of Archiving Old Result Files...
2020-08-13 23:49:29,856 : INFO : End of Archiving Old Result Files...
2020-08-13 23:49:29,856 : INFO : Start of Reading values From Schema...
2020-08-13 23:49:29,857 : INFO : End of Reading values From Schema...
2020-08-13 23:49:29,857 : INFO : Start of Validating Column Length...
2020-08-13 23:49:29,867 : INFO : End of Validating Column Length...
2020-08-13 23:49:29,867 : INFO : Start of Validating Missing Values...
2020-08-13 23:49:29,878 : INFO : End of Validating Missing Values...
2020-08-13 23:49:29,878 : INFO : Start of Replacing Missing Values with NULL...
2020-08-13 23:49:29,889 : INFO : Credit_Approval_predict_data.csv: File Transformed successfully!!
2020-08-13 23:49:29,889 : INFO : End of Replacing Missing Values with NULL...
2020-08-13 23:49:29,890 : INFO : Start of Creating Table...
2020-08-13 23:49:29,890 : INFO : Opened prediction database successfully
2020-08-13 23:49:30,087 : INFO : CREATE TABLE prediction_raw_data_t column_name
2020-08-13 23:49:30,205 : INFO : ALTER TABLE prediction_raw_data_t ADD COLUMN
2020-08-13 23:49:30,316 : INFO : ALTER TABLE prediction_raw_data_t ADD COLUMN
2020-08-13 23:49:30,413 : INFO : ALTER TABLE prediction_raw_data_t ADD COLUMN
2020-08-13 23:49:30,512 : INFO : ALTER TABLE prediction_raw_data_t ADD COLUMN
2020-08-13 23:49:30,623 : INFO : ALTER TABLE prediction_raw_data_t ADD COLUMN
2020-08-13 23:49:30,745 : INFO : ALTER TABLE prediction_raw_data_t ADD COLUMN
2020-08-13 23:49:30,878 : INFO : ALTER TABLE prediction_raw_data_t ADD COLUMN
2020-08-13 23:49:31,028 : INFO : ALTER TABLE prediction_raw_data_t ADD COLUMN
2020-08-13 23:49:31,128 : INFO : ALTER TABLE prediction_raw_data_t ADD COLUMN
2020-08-13 23:49:31,221 : INFO : ALTER TABLE prediction_raw_data_t ADD COLUMN
2020-08-13 23:49:31,340 : INFO : ALTER TABLE prediction_raw_data_t ADD COLUMN
2020-08-13 23:49:31,445 : INFO : ALTER TABLE prediction_raw_data_t ADD COLUMN
2020-08-13 23:49:31,590 : INFO : ALTER TABLE prediction_raw_data_t ADD COLUMN
2020-08-13 23:49:31,720 : INFO : ALTER TABLE prediction_raw_data_t ADD COLUMN
2020-08-13 23:49:31,720 : INFO : End of Creating Table...
2020-08-13 23:49:31,721 : INFO : Opened prediction database successfully
2020-08-13 23:49:31,722 : INFO : Start of Inserting Data into Table...
2020-08-13 23:49:31,822 : INFO : End of Inserting Data into Table...
2020-08-13 23:49:31,822 : INFO : Start of Exporting Data into CSV...
2020-08-13 23:49:31,823 : INFO : Opened prediction database successfully
2020-08-13 23:49:31,825 : INFO : End of Exporting Data into CSV...
2020-08-13 23:49:31,825 : INFO : Start of Moving Processed Files...
2020-08-13 23:49:31,827 : INFO : Moved the already processed file Credit_Approval_predict_data.csv
2020-08-13 23:49:31,828 : INFO : End of Moving Processed Files...
2020-08-13 23:49:31,828 : INFO : End of Data Load, validation and transformation
2020-08-13 23:49:31,828 : INFO : Start of Preprocessing...
2020-08-13 23:49:31,828 : INFO : Start of reading dataset...
2020-08-13 23:49:31,835 : INFO : End of reading dataset...
2020-08-13 23:49:31,835 : INFO : Start of Droping Columns...
2020-08-13 23:49:31,837 : INFO : End of Droping Columns...
2020-08-13 23:49:31,837 : INFO : Start of replacing invalid values...
2020-08-13 23:49:31,856 : INFO : end of replacing invalid values...
2020-08-13 23:49:31,856 : INFO : Start of encode Categorical Values ...
2020-08-13 23:49:31,864 : INFO : end of encode Categorical Values...
2020-08-13 23:49:31,864 : INFO : Start of feature encoding...
2020-08-13 23:49:31,896 : INFO : End of feature encoding...
2020-08-13 23:49:31,899 : INFO : Start of Droping Columns...
2020-08-13 23:49:31,901 : INFO : End of Droping Columns...
2020-08-13 23:49:31,901 : INFO : Start of finding missing values...
2020-08-13 23:49:31,902 : INFO : End of finding missing values...
2020-08-13 23:49:31,902 : INFO : Start feature selection of dataset...
2020-08-13 23:49:31,904 : INFO : End feature selection of dataset...
2020-08-13 23:49:31,904 : INFO : Start of building final predictset...
2020-08-13 23:49:31,913 : INFO : End of building final predictset...
2020-08-13 23:49:31,914 : INFO : End of Preprocessing...
2020-08-13 23:49:31,914 : INFO : Start of Load Model
2020-08-13 23:49:31,914 : ERROR : Exception raised while Loading Model: must be str, not NoneType
Traceback (most recent call last):
  File "C:\Users\sreeh\Desktop\group project\actual project\apps\core\file_operation.py", line 71, in load_model
    with open('apps/models/' + file_name + '/' + file_name + '.sav', 'rb') as f:
TypeError: must be str, not NoneType
2020-08-13 23:49:31,914 : ERROR : Unsuccessful End of Prediction
Traceback (most recent call last):
  File "C:\Users\sreeh\Desktop\group project\actual project\apps\core\file_operation.py", line 71, in load_model
    with open('apps/models/' + file_name + '/' + file_name + '.sav', 'rb') as f:
TypeError: must be str, not NoneType

During handling of the above exception, another exception occurred:

Traceback (most recent call last):
  File "C:\Users\sreeh\Desktop\group project\actual project\apps\prediction\predict_model.py", line 55, in batch_predict_from_model
    elif file_name == 'apps/models/RandomForest':
  File "C:\Users\sreeh\Desktop\group project\actual project\apps\core\file_operation.py", line 77, in load_model
    raise Exception()
Exception
