2020-08-23 22:40:04,490 : INFO : Start of Prediction
2020-08-23 22:40:04,490 : INFO : run_id:2020-08-23_224004_398295954
2020-08-23 22:40:04,490 : INFO : Start of Data Load, validation and transformation
2020-08-23 22:40:04,490 : INFO : Start of Archiving Old Rejected Files...
2020-08-23 22:40:04,490 : INFO : End of Archiving Old Rejected Files...
2020-08-23 22:40:04,490 : INFO : Start of Archiving Old Validated Files...
2020-08-23 22:40:04,492 : INFO : End of Archiving Old Validated Files...
2020-08-23 22:40:04,493 : INFO : Start of Archiving Old Processed Files...
2020-08-23 22:40:04,494 : INFO : End of Archiving Old Processed Files...
2020-08-23 22:40:04,494 : INFO : Start of Archiving Old Result Files...
2020-08-23 22:40:04,494 : INFO : End of Archiving Old Result Files...
2020-08-23 22:40:04,495 : INFO : Start of Reading values From Schema...
2020-08-23 22:40:04,495 : INFO : End of Reading values From Schema...
2020-08-23 22:40:04,495 : INFO : Start of Validating Column Length...
2020-08-23 22:40:04,496 : INFO : End of Validating Column Length...
2020-08-23 22:40:04,496 : INFO : Start of Validating Missing Values...
2020-08-23 22:40:04,496 : INFO : End of Validating Missing Values...
2020-08-23 22:40:04,496 : INFO : Start of Replacing Missing Values with NULL...
2020-08-23 22:40:04,496 : INFO : End of Replacing Missing Values with NULL...
2020-08-23 22:40:04,496 : INFO : Start of Creating Table...
2020-08-23 22:40:04,497 : INFO : Opened prediction database successfully
2020-08-23 22:40:04,920 : INFO : CREATE TABLE prediction_raw_data_t column_name
2020-08-23 22:40:05,051 : INFO : ALTER TABLE prediction_raw_data_t ADD COLUMN
2020-08-23 22:40:05,183 : INFO : ALTER TABLE prediction_raw_data_t ADD COLUMN
2020-08-23 22:40:05,320 : INFO : ALTER TABLE prediction_raw_data_t ADD COLUMN
2020-08-23 22:40:05,471 : INFO : ALTER TABLE prediction_raw_data_t ADD COLUMN
2020-08-23 22:40:05,601 : INFO : ALTER TABLE prediction_raw_data_t ADD COLUMN
2020-08-23 22:40:05,725 : INFO : ALTER TABLE prediction_raw_data_t ADD COLUMN
2020-08-23 22:40:05,874 : INFO : ALTER TABLE prediction_raw_data_t ADD COLUMN
2020-08-23 22:40:06,010 : INFO : ALTER TABLE prediction_raw_data_t ADD COLUMN
2020-08-23 22:40:06,126 : INFO : ALTER TABLE prediction_raw_data_t ADD COLUMN
2020-08-23 22:40:06,321 : INFO : ALTER TABLE prediction_raw_data_t ADD COLUMN
2020-08-23 22:40:06,427 : INFO : ALTER TABLE prediction_raw_data_t ADD COLUMN
2020-08-23 22:40:06,546 : INFO : ALTER TABLE prediction_raw_data_t ADD COLUMN
2020-08-23 22:40:06,672 : INFO : ALTER TABLE prediction_raw_data_t ADD COLUMN
2020-08-23 22:40:06,789 : INFO : ALTER TABLE prediction_raw_data_t ADD COLUMN
2020-08-23 22:40:06,789 : INFO : End of Creating Table...
2020-08-23 22:40:06,793 : INFO : Opened prediction database successfully
2020-08-23 22:40:06,795 : INFO : Start of Inserting Data into Table...
2020-08-23 22:40:06,797 : INFO : End of Inserting Data into Table...
2020-08-23 22:40:06,797 : INFO : Start of Exporting Data into CSV...
2020-08-23 22:40:06,800 : INFO : Opened prediction database successfully
2020-08-23 22:40:06,805 : INFO : End of Exporting Data into CSV...
2020-08-23 22:40:06,809 : INFO : Start of Moving Processed Files...
2020-08-23 22:40:06,810 : INFO : End of Moving Processed Files...
2020-08-23 22:40:06,811 : INFO : End of Data Load, validation and transformation
2020-08-23 22:40:06,812 : INFO : Start of Preprocessing...
2020-08-23 22:40:06,812 : INFO : Start of reading dataset...
2020-08-23 22:40:06,896 : INFO : End of reading dataset...
2020-08-23 22:40:06,897 : INFO : Start of Droping Columns...
2020-08-23 22:40:06,907 : INFO : End of Droping Columns...
2020-08-23 22:40:06,907 : INFO : Start of replacing invalid values...
2020-08-23 22:40:06,938 : INFO : end of replacing invalid values...
2020-08-23 22:40:06,938 : INFO : Start of encode Categorical Values ...
2020-08-23 22:40:06,949 : INFO : end of encode Categorical Values...
2020-08-23 22:40:06,949 : INFO : Start of feature encoding...
2020-08-23 22:40:07,003 : INFO : End of feature encoding...
2020-08-23 22:40:07,005 : INFO : Start of Droping Columns...
2020-08-23 22:40:07,007 : INFO : End of Droping Columns...
2020-08-23 22:40:07,007 : INFO : Start of finding missing values...
2020-08-23 22:40:07,008 : INFO : End of finding missing values...
2020-08-23 22:40:07,009 : INFO : Start feature selection of dataset...
2020-08-23 22:40:07,011 : INFO : End feature selection of dataset...
2020-08-23 22:40:07,011 : INFO : Start of building final predictset...
2020-08-23 22:40:07,019 : INFO : End of building final predictset...
2020-08-23 22:40:07,019 : INFO : End of Preprocessing...
2020-08-23 22:40:07,019 : INFO : Start of Load Model
2020-08-23 22:40:07,019 : INFO : Model File RandomForest loaded
2020-08-23 22:40:07,020 : INFO : End of Load Model
2020-08-23 22:40:07,021 : ERROR : Unsuccessful End of Prediction
Traceback (most recent call last):
  File "C:\Users\sreeh\Desktop\group project\actual project\apps\prediction\predict_model.py", line 60, in batch_predict_from_model
    y_predicted = model.predict(self.X)
  File "C:\Users\sreeh\anaconda3\envs\Credit_Approval\lib\site-packages\sklearn\ensemble\_forest.py", line 612, in predict
    proba = self.predict_proba(X)
  File "C:\Users\sreeh\anaconda3\envs\Credit_Approval\lib\site-packages\sklearn\ensemble\_forest.py", line 656, in predict_proba
    X = self._validate_X_predict(X)
  File "C:\Users\sreeh\anaconda3\envs\Credit_Approval\lib\site-packages\sklearn\ensemble\_forest.py", line 412, in _validate_X_predict
    return self.estimators_[0]._validate_X_predict(X, check_input=True)
  File "C:\Users\sreeh\anaconda3\envs\Credit_Approval\lib\site-packages\sklearn\tree\_classes.py", line 380, in _validate_X_predict
    X = check_array(X, dtype=DTYPE, accept_sparse="csr")
  File "C:\Users\sreeh\anaconda3\envs\Credit_Approval\lib\site-packages\sklearn\utils\validation.py", line 586, in check_array
    context))
ValueError: Found array with 0 sample(s) (shape=(0, 4)) while a minimum of 1 is required.
