2020-08-23 22:26:13,956 : INFO : Start of Prediction
2020-08-23 22:26:13,956 : INFO : run_id:2020-08-23_222613_979050343
2020-08-23 22:26:13,956 : INFO : Start of Data Load, validation and transformation
2020-08-23 22:26:13,956 : INFO : Start of Archiving Old Rejected Files...
2020-08-23 22:26:13,956 : INFO : End of Archiving Old Rejected Files...
2020-08-23 22:26:13,956 : INFO : Start of Archiving Old Validated Files...
2020-08-23 22:26:13,958 : INFO : End of Archiving Old Validated Files...
2020-08-23 22:26:13,958 : INFO : Start of Archiving Old Processed Files...
2020-08-23 22:26:13,960 : INFO : End of Archiving Old Processed Files...
2020-08-23 22:26:13,961 : INFO : Start of Archiving Old Result Files...
2020-08-23 22:26:13,965 : INFO : End of Archiving Old Result Files...
2020-08-23 22:26:13,965 : INFO : Start of Reading values From Schema...
2020-08-23 22:26:13,968 : INFO : End of Reading values From Schema...
2020-08-23 22:26:13,969 : INFO : Start of Validating Column Length...
2020-08-23 22:26:13,969 : INFO : End of Validating Column Length...
2020-08-23 22:26:13,969 : INFO : Start of Validating Missing Values...
2020-08-23 22:26:13,969 : INFO : End of Validating Missing Values...
2020-08-23 22:26:13,969 : INFO : Start of Replacing Missing Values with NULL...
2020-08-23 22:26:13,969 : INFO : End of Replacing Missing Values with NULL...
2020-08-23 22:26:13,970 : INFO : Start of Creating Table...
2020-08-23 22:26:14,188 : INFO : Opened prediction database successfully
2020-08-23 22:26:15,653 : INFO : CREATE TABLE prediction_raw_data_t column_name
2020-08-23 22:26:15,887 : INFO : ALTER TABLE prediction_raw_data_t ADD COLUMN
2020-08-23 22:26:16,216 : INFO : ALTER TABLE prediction_raw_data_t ADD COLUMN
2020-08-23 22:26:16,355 : INFO : ALTER TABLE prediction_raw_data_t ADD COLUMN
2020-08-23 22:26:16,506 : INFO : ALTER TABLE prediction_raw_data_t ADD COLUMN
2020-08-23 22:26:16,675 : INFO : ALTER TABLE prediction_raw_data_t ADD COLUMN
2020-08-23 22:26:16,843 : INFO : ALTER TABLE prediction_raw_data_t ADD COLUMN
2020-08-23 22:26:16,964 : INFO : ALTER TABLE prediction_raw_data_t ADD COLUMN
2020-08-23 22:26:17,108 : INFO : ALTER TABLE prediction_raw_data_t ADD COLUMN
2020-08-23 22:26:17,237 : INFO : ALTER TABLE prediction_raw_data_t ADD COLUMN
2020-08-23 22:26:17,406 : INFO : ALTER TABLE prediction_raw_data_t ADD COLUMN
2020-08-23 22:26:17,544 : INFO : ALTER TABLE prediction_raw_data_t ADD COLUMN
2020-08-23 22:26:17,728 : INFO : ALTER TABLE prediction_raw_data_t ADD COLUMN
2020-08-23 22:26:17,865 : INFO : ALTER TABLE prediction_raw_data_t ADD COLUMN
2020-08-23 22:26:18,006 : INFO : ALTER TABLE prediction_raw_data_t ADD COLUMN
2020-08-23 22:26:18,008 : INFO : End of Creating Table...
2020-08-23 22:26:18,014 : INFO : Opened prediction database successfully
2020-08-23 22:26:18,015 : INFO : Start of Inserting Data into Table...
2020-08-23 22:26:18,016 : INFO : End of Inserting Data into Table...
2020-08-23 22:26:18,017 : INFO : Start of Exporting Data into CSV...
2020-08-23 22:26:18,021 : INFO : Opened prediction database successfully
2020-08-23 22:26:18,029 : INFO : End of Exporting Data into CSV...
2020-08-23 22:26:18,031 : INFO : Start of Moving Processed Files...
2020-08-23 22:26:18,031 : INFO : End of Moving Processed Files...
2020-08-23 22:26:18,033 : INFO : End of Data Load, validation and transformation
2020-08-23 22:26:18,033 : INFO : Start of Preprocessing...
2020-08-23 22:26:18,033 : INFO : Start of reading dataset...
2020-08-23 22:26:18,243 : INFO : End of reading dataset...
2020-08-23 22:26:18,244 : INFO : Start of Droping Columns...
2020-08-23 22:26:18,308 : INFO : End of Droping Columns...
2020-08-23 22:26:18,308 : INFO : Start of replacing invalid values...
2020-08-23 22:26:18,357 : INFO : end of replacing invalid values...
2020-08-23 22:26:18,357 : INFO : Start of encode Categorical Values ...
2020-08-23 22:26:18,380 : INFO : end of encode Categorical Values...
2020-08-23 22:26:18,380 : INFO : Start of feature encoding...
2020-08-23 22:26:18,465 : INFO : End of feature encoding...
2020-08-23 22:26:18,485 : INFO : Start of Droping Columns...
2020-08-23 22:26:18,490 : INFO : End of Droping Columns...
2020-08-23 22:26:18,490 : INFO : Start of finding missing values...
2020-08-23 22:26:18,493 : INFO : End of finding missing values...
2020-08-23 22:26:18,493 : INFO : Start feature selection of dataset...
2020-08-23 22:26:18,495 : INFO : End feature selection of dataset...
2020-08-23 22:26:18,496 : INFO : Start of building final predictset...
2020-08-23 22:26:18,523 : INFO : End of building final predictset...
2020-08-23 22:26:18,523 : INFO : End of Preprocessing...
2020-08-23 22:26:18,523 : INFO : Start of Load Model
2020-08-23 22:26:18,539 : INFO : Model File RandomForest loaded
2020-08-23 22:26:18,539 : INFO : End of Load Model
2020-08-23 22:26:18,626 : ERROR : Unsuccessful End of Prediction
Traceback (most recent call last):
  File "C:\Users\sreeh\Desktop\group project\actual project\apps\prediction\predict_model.py", line 60, in batch_predict_from_model
    y_predicted = model.predict(self.X)
  File "C:\Users\sreeh\anaconda3\envs\Credit_Approval\lib\site-packages\sklearn\ensemble\_forest.py", line 612, in predict
    proba = self.predict_proba(X)
  File "C:\Users\sreeh\anaconda3\envs\Credit_Approval\lib\site-packages\sklearn\ensemble\_forest.py", line 656, in predict_proba
    X = self._validate_X_predict(X)
  File "C:\Users\sreeh\anaconda3\envs\Credit_Approval\lib\site-packages\sklearn\ensemble\_forest.py", line 412, in _validate_X_predict
    return self.estimators_[0]._validate_X_predict(X, check_input=True)
  File "C:\Users\sreeh\anaconda3\envs\Credit_Approval\lib\site-packages\sklearn\tree\_classes.py", line 380, in _validate_X_predict
    X = check_array(X, dtype=DTYPE, accept_sparse="csr")
  File "C:\Users\sreeh\anaconda3\envs\Credit_Approval\lib\site-packages\sklearn\utils\validation.py", line 586, in check_array
    context))
ValueError: Found array with 0 sample(s) (shape=(0, 4)) while a minimum of 1 is required.
