2020-08-13 23:01:46,196 : INFO : Start of Prediction
2020-08-13 23:01:46,197 : INFO : run_id:2020-08-13_230146_823056639
2020-08-13 23:01:46,197 : INFO : Start of Data Load, validation and transformation
2020-08-13 23:01:46,197 : INFO : Start of Archiving Old Rejected Files...
2020-08-13 23:01:46,197 : INFO : End of Archiving Old Rejected Files...
2020-08-13 23:01:46,198 : INFO : Start of Archiving Old Validated Files...
2020-08-13 23:01:46,198 : INFO : End of Archiving Old Validated Files...
2020-08-13 23:01:46,199 : INFO : Start of Archiving Old Processed Files...
2020-08-13 23:01:46,199 : INFO : End of Archiving Old Processed Files...
2020-08-13 23:01:46,199 : INFO : Start of Archiving Old Result Files...
2020-08-13 23:01:46,201 : INFO : End of Archiving Old Result Files...
2020-08-13 23:01:46,201 : INFO : Start of Reading values From Schema...
2020-08-13 23:01:46,202 : INFO : End of Reading values From Schema...
2020-08-13 23:01:46,202 : INFO : Start of Validating Column Length...
2020-08-13 23:01:46,203 : INFO : End of Validating Column Length...
2020-08-13 23:01:46,203 : INFO : Start of Validating Missing Values...
2020-08-13 23:01:46,203 : INFO : End of Validating Missing Values...
2020-08-13 23:01:46,203 : INFO : Start of Replacing Missing Values with NULL...
2020-08-13 23:01:46,203 : INFO : End of Replacing Missing Values with NULL...
2020-08-13 23:01:46,203 : INFO : Start of Creating Table...
2020-08-13 23:01:46,204 : INFO : Opened prediction database successfully
2020-08-13 23:01:46,342 : INFO : CREATE TABLE prediction_raw_data_t column_name
2020-08-13 23:01:46,476 : INFO : ALTER TABLE prediction_raw_data_t ADD COLUMN
2020-08-13 23:01:46,609 : INFO : ALTER TABLE prediction_raw_data_t ADD COLUMN
2020-08-13 23:01:46,687 : INFO : ALTER TABLE prediction_raw_data_t ADD COLUMN
2020-08-13 23:01:46,774 : INFO : ALTER TABLE prediction_raw_data_t ADD COLUMN
2020-08-13 23:01:46,945 : INFO : ALTER TABLE prediction_raw_data_t ADD COLUMN
2020-08-13 23:01:47,123 : INFO : ALTER TABLE prediction_raw_data_t ADD COLUMN
2020-08-13 23:01:47,241 : INFO : ALTER TABLE prediction_raw_data_t ADD COLUMN
2020-08-13 23:01:47,357 : INFO : ALTER TABLE prediction_raw_data_t ADD COLUMN
2020-08-13 23:01:47,527 : INFO : ALTER TABLE prediction_raw_data_t ADD COLUMN
2020-08-13 23:01:47,693 : INFO : ALTER TABLE prediction_raw_data_t ADD COLUMN
2020-08-13 23:01:47,888 : INFO : ALTER TABLE prediction_raw_data_t ADD COLUMN
2020-08-13 23:01:48,075 : INFO : ALTER TABLE prediction_raw_data_t ADD COLUMN
2020-08-13 23:01:48,201 : INFO : ALTER TABLE prediction_raw_data_t ADD COLUMN
2020-08-13 23:01:48,293 : INFO : ALTER TABLE prediction_raw_data_t ADD COLUMN
2020-08-13 23:01:48,294 : INFO : End of Creating Table...
2020-08-13 23:01:48,300 : INFO : Opened prediction database successfully
2020-08-13 23:01:48,304 : INFO : Start of Inserting Data into Table...
2020-08-13 23:01:48,306 : INFO : End of Inserting Data into Table...
2020-08-13 23:01:48,307 : INFO : Start of Exporting Data into CSV...
2020-08-13 23:01:48,309 : INFO : Opened prediction database successfully
2020-08-13 23:01:48,312 : INFO : End of Exporting Data into CSV...
2020-08-13 23:01:48,313 : INFO : Start of Moving Processed Files...
2020-08-13 23:01:48,317 : INFO : End of Moving Processed Files...
2020-08-13 23:01:48,317 : INFO : End of Data Load, validation and transformation
2020-08-13 23:01:48,318 : INFO : Start of Preprocessing...
2020-08-13 23:01:48,319 : INFO : Start of reading dataset...
2020-08-13 23:01:48,379 : INFO : End of reading dataset...
2020-08-13 23:01:48,379 : INFO : Start of Droping Columns...
2020-08-13 23:01:48,388 : INFO : End of Droping Columns...
2020-08-13 23:01:48,389 : INFO : Start of replacing invalid values...
2020-08-13 23:01:48,460 : INFO : end of replacing invalid values...
2020-08-13 23:01:48,460 : INFO : Start of encode Categorical Values ...
2020-08-13 23:01:48,505 : INFO : end of encode Categorical Values...
2020-08-13 23:01:48,506 : INFO : Start of feature encoding...
2020-08-13 23:01:48,741 : INFO : End of feature encoding...
2020-08-13 23:01:48,768 : INFO : Start of Droping Columns...
2020-08-13 23:01:48,779 : INFO : End of Droping Columns...
2020-08-13 23:01:48,780 : INFO : Start of finding missing values...
2020-08-13 23:01:48,793 : INFO : End of finding missing values...
2020-08-13 23:01:48,793 : INFO : Start feature selection of dataset...
2020-08-13 23:01:48,795 : ERROR : Exception raised while feature selection of dataset: %s'Approved'
Traceback (most recent call last):
  File "C:\Users\sreeh\anaconda3\envs\Credit_Approval\lib\site-packages\pandas\core\indexes\base.py", line 2897, in get_loc
    return self._engine.get_loc(key)
  File "pandas/_libs/index.pyx", line 107, in pandas._libs.index.IndexEngine.get_loc
  File "pandas/_libs/index.pyx", line 131, in pandas._libs.index.IndexEngine.get_loc
  File "pandas/_libs/hashtable_class_helper.pxi", line 1607, in pandas._libs.hashtable.PyObjectHashTable.get_item
  File "pandas/_libs/hashtable_class_helper.pxi", line 1614, in pandas._libs.hashtable.PyObjectHashTable.get_item
KeyError: 'Approved'

During handling of the above exception, another exception occurred:

Traceback (most recent call last):
  File "C:\Users\sreeh\Desktop\group project\actual project\apps\preprocess\preprocessor.py", line 236, in feature_selection
    y = self.data['Approved']
  File "C:\Users\sreeh\anaconda3\envs\Credit_Approval\lib\site-packages\pandas\core\frame.py", line 2995, in __getitem__
    indexer = self.columns.get_loc(key)
  File "C:\Users\sreeh\anaconda3\envs\Credit_Approval\lib\site-packages\pandas\core\indexes\base.py", line 2899, in get_loc
    return self._engine.get_loc(self._maybe_cast_indexer(key))
  File "pandas/_libs/index.pyx", line 107, in pandas._libs.index.IndexEngine.get_loc
  File "pandas/_libs/index.pyx", line 131, in pandas._libs.index.IndexEngine.get_loc
  File "pandas/_libs/hashtable_class_helper.pxi", line 1607, in pandas._libs.hashtable.PyObjectHashTable.get_item
  File "pandas/_libs/hashtable_class_helper.pxi", line 1614, in pandas._libs.hashtable.PyObjectHashTable.get_item
KeyError: 'Approved'
2020-08-13 23:01:48,894 : ERROR : Unsuccessful End of Preprocessing...
Traceback (most recent call last):
  File "C:\Users\sreeh\anaconda3\envs\Credit_Approval\lib\site-packages\pandas\core\indexes\base.py", line 2897, in get_loc
    return self._engine.get_loc(key)
  File "pandas/_libs/index.pyx", line 107, in pandas._libs.index.IndexEngine.get_loc
  File "pandas/_libs/index.pyx", line 131, in pandas._libs.index.IndexEngine.get_loc
  File "pandas/_libs/hashtable_class_helper.pxi", line 1607, in pandas._libs.hashtable.PyObjectHashTable.get_item
  File "pandas/_libs/hashtable_class_helper.pxi", line 1614, in pandas._libs.hashtable.PyObjectHashTable.get_item
KeyError: 'Approved'

During handling of the above exception, another exception occurred:

Traceback (most recent call last):
  File "C:\Users\sreeh\Desktop\group project\actual project\apps\preprocess\preprocessor.py", line 236, in feature_selection
    y = self.data['Approved']
  File "C:\Users\sreeh\anaconda3\envs\Credit_Approval\lib\site-packages\pandas\core\frame.py", line 2995, in __getitem__
    indexer = self.columns.get_loc(key)
  File "C:\Users\sreeh\anaconda3\envs\Credit_Approval\lib\site-packages\pandas\core\indexes\base.py", line 2899, in get_loc
    return self._engine.get_loc(self._maybe_cast_indexer(key))
  File "pandas/_libs/index.pyx", line 107, in pandas._libs.index.IndexEngine.get_loc
  File "pandas/_libs/index.pyx", line 131, in pandas._libs.index.IndexEngine.get_loc
  File "pandas/_libs/hashtable_class_helper.pxi", line 1607, in pandas._libs.hashtable.PyObjectHashTable.get_item
  File "pandas/_libs/hashtable_class_helper.pxi", line 1614, in pandas._libs.hashtable.PyObjectHashTable.get_item
KeyError: 'Approved'

During handling of the above exception, another exception occurred:

Traceback (most recent call last):
  File "C:\Users\sreeh\Desktop\group project\actual project\apps\preprocess\preprocessor.py", line 376, in preprocess_predictset
    data1 = self.feature_selection(data)
  File "C:\Users\sreeh\Desktop\group project\actual project\apps\preprocess\preprocessor.py", line 254, in feature_selection
    raise Exception()
Exception
2020-08-13 23:01:48,901 : ERROR : Unsuccessful End of Prediction
Traceback (most recent call last):
  File "C:\Users\sreeh\anaconda3\envs\Credit_Approval\lib\site-packages\pandas\core\indexes\base.py", line 2897, in get_loc
    return self._engine.get_loc(key)
  File "pandas/_libs/index.pyx", line 107, in pandas._libs.index.IndexEngine.get_loc
  File "pandas/_libs/index.pyx", line 131, in pandas._libs.index.IndexEngine.get_loc
  File "pandas/_libs/hashtable_class_helper.pxi", line 1607, in pandas._libs.hashtable.PyObjectHashTable.get_item
  File "pandas/_libs/hashtable_class_helper.pxi", line 1614, in pandas._libs.hashtable.PyObjectHashTable.get_item
KeyError: 'Approved'

During handling of the above exception, another exception occurred:

Traceback (most recent call last):
  File "C:\Users\sreeh\Desktop\group project\actual project\apps\preprocess\preprocessor.py", line 236, in feature_selection
    y = self.data['Approved']
  File "C:\Users\sreeh\anaconda3\envs\Credit_Approval\lib\site-packages\pandas\core\frame.py", line 2995, in __getitem__
    indexer = self.columns.get_loc(key)
  File "C:\Users\sreeh\anaconda3\envs\Credit_Approval\lib\site-packages\pandas\core\indexes\base.py", line 2899, in get_loc
    return self._engine.get_loc(self._maybe_cast_indexer(key))
  File "pandas/_libs/index.pyx", line 107, in pandas._libs.index.IndexEngine.get_loc
  File "pandas/_libs/index.pyx", line 131, in pandas._libs.index.IndexEngine.get_loc
  File "pandas/_libs/hashtable_class_helper.pxi", line 1607, in pandas._libs.hashtable.PyObjectHashTable.get_item
  File "pandas/_libs/hashtable_class_helper.pxi", line 1614, in pandas._libs.hashtable.PyObjectHashTable.get_item
KeyError: 'Approved'

During handling of the above exception, another exception occurred:

Traceback (most recent call last):
  File "C:\Users\sreeh\Desktop\group project\actual project\apps\preprocess\preprocessor.py", line 376, in preprocess_predictset
    data1 = self.feature_selection(data)
  File "C:\Users\sreeh\Desktop\group project\actual project\apps\preprocess\preprocessor.py", line 254, in feature_selection
    raise Exception()
Exception

During handling of the above exception, another exception occurred:

Traceback (most recent call last):
  File "C:\Users\sreeh\Desktop\group project\actual project\apps\prediction\predict_model.py", line 48, in batch_predict_from_model
    self.X = self.preProcess.preprocess_predictset()
  File "C:\Users\sreeh\Desktop\group project\actual project\apps\preprocess\preprocessor.py", line 382, in preprocess_predictset
    raise Exception
Exception
