2020-08-23 22:56:58,778 : INFO : Start of Training
2020-08-23 22:56:58,778 : INFO : Run_id:2020-08-23_225658_800816341
2020-08-23 22:56:58,778 : INFO : Start of Data Load, validation and transformation
2020-08-23 22:56:58,778 : INFO : Start of Archiving Old Rejected Files...
2020-08-23 22:56:58,779 : INFO : End of Archiving Old Rejected Files...
2020-08-23 22:56:58,779 : INFO : Start of Archiving Old Validated Files...
2020-08-23 22:56:58,782 : INFO : End of Archiving Old Validated Files...
2020-08-23 22:56:58,782 : INFO : Start of Archiving Old Processed Files...
2020-08-23 22:56:58,783 : INFO : End of Archiving Old Processed Files...
2020-08-23 22:56:58,783 : INFO : Start of Archiving Old Result Files...
2020-08-23 22:56:58,784 : INFO : End of Archiving Old Result Files...
2020-08-23 22:56:58,784 : INFO : Start of Reading values From Schema...
2020-08-23 22:56:58,784 : INFO : End of Reading values From Schema...
2020-08-23 22:56:58,784 : INFO : Start of Validating Column Length...
2020-08-23 22:56:58,785 : INFO : End of Validating Column Length...
2020-08-23 22:56:58,785 : INFO : Start of Validating Missing Values...
2020-08-23 22:56:58,785 : INFO : End of Validating Missing Values...
2020-08-23 22:56:58,786 : INFO : Start of Replacing Missing Values with NULL...
2020-08-23 22:56:58,786 : INFO : End of Replacing Missing Values with NULL...
2020-08-23 22:56:58,786 : INFO : Start of Creating Table...
2020-08-23 22:56:58,787 : INFO : Opened training database successfully
2020-08-23 22:56:58,788 : INFO : Tables created successfully
2020-08-23 22:56:58,788 : INFO : Closed training database successfully
2020-08-23 22:56:58,788 : INFO : End of Creating Table...
2020-08-23 22:56:58,789 : INFO : Opened training database successfully
2020-08-23 22:56:58,789 : INFO : Start of Inserting Data into Table...
2020-08-23 22:56:58,789 : INFO : End of Inserting Data into Table...
2020-08-23 22:56:58,789 : INFO : Start of Exporting Data into CSV...
2020-08-23 22:56:58,790 : INFO : Opened training database successfully
2020-08-23 22:56:58,799 : INFO : End of Exporting Data into CSV...
2020-08-23 22:56:58,800 : INFO : Start of Moving Processed Files...
2020-08-23 22:56:58,800 : INFO : End of Moving Processed Files...
2020-08-23 22:56:58,800 : INFO : End of Data Load, validation and transformation
2020-08-23 22:56:58,801 : INFO : Start of Preprocessing...
2020-08-23 22:56:58,801 : INFO : Start of reading dataset...
2020-08-23 22:56:58,814 : INFO : End of reading dataset...
2020-08-23 22:56:58,814 : INFO : Start of Droping Columns...
2020-08-23 22:56:58,816 : INFO : End of Droping Columns...
2020-08-23 22:56:58,816 : INFO : Start of replacing invalid values...
2020-08-23 22:56:58,871 : INFO : end of replacing invalid values...
2020-08-23 22:56:58,871 : INFO : Start of encode Categorical Values ...
2020-08-23 22:56:58,877 : INFO : end of encode Categorical Values...
2020-08-23 22:56:58,877 : INFO : Start of feature encoding...
2020-08-23 22:56:58,917 : INFO : End of feature encoding...
2020-08-23 22:56:58,924 : INFO : Start of Droping Columns...
2020-08-23 22:56:58,926 : INFO : End of Droping Columns...
2020-08-23 22:56:58,926 : INFO : Start of finding missing values...
2020-08-23 22:56:58,939 : INFO : End of finding missing values...
2020-08-23 22:56:58,940 : INFO : Start of imputing missing values...
2020-08-23 22:56:58,948 : INFO : End of imputing missing values...
2020-08-23 22:56:58,949 : INFO : Start feature selection of dataset...
2020-08-23 22:56:58,978 : INFO : End feature selection of dataset...
2020-08-23 22:56:58,978 : INFO : Start of splitting features and label ...
2020-08-23 22:56:58,981 : INFO : End of splitting features and label ...
2020-08-23 22:56:58,981 : INFO : End of Preprocessing...
2020-08-23 22:56:58,984 : INFO : Start of finding best params for XGBoost algo...
2020-08-23 22:57:31,215 : INFO : XGBoost best params: {'learning_rate': 0.001, 'max_depth': 3, 'n_estimators': 10}
2020-08-23 22:57:31,216 : INFO : End of finding best params for XGBoost algo...
2020-08-23 22:57:31,221 : INFO : AUC for Xgboost:0.7999999999999999
2020-08-23 22:57:31,221 : INFO : Start of finding best params for randomforest algo...
2020-08-23 22:57:32,677 : INFO : Random Forest best params: {'criterion': 'gini', 'max_depth': 3, 'max_features': 'log2', 'n_estimators': 2}
2020-08-23 22:57:32,677 : INFO : End of finding best params for randomforest algo...
2020-08-23 22:57:32,680 : INFO : AUC for Random Forest:0.7444444444444445
2020-08-23 22:57:32,680 : INFO : End of finding best model...
2020-08-23 22:57:32,680 : INFO : Start of Save Models
2020-08-23 22:57:32,697 : INFO : Model File XGB saved
2020-08-23 22:57:32,698 : INFO : End of Save Models
2020-08-23 22:57:32,698 : INFO : End of Training
