2020-08-13 18:31:30,588 : INFO : Start of Training
2020-08-13 18:31:30,588 : INFO : Run_id:2020-08-13_183130_349555378
2020-08-13 18:31:30,588 : INFO : Start of Data Load, validation and transformation
2020-08-13 18:31:30,588 : INFO : Start of Archiving Old Rejected Files...
2020-08-13 18:31:30,589 : INFO : End of Archiving Old Rejected Files...
2020-08-13 18:31:30,589 : INFO : Start of Archiving Old Validated Files...
2020-08-13 18:31:30,589 : INFO : End of Archiving Old Validated Files...
2020-08-13 18:31:30,589 : INFO : Start of Archiving Old Processed Files...
2020-08-13 18:31:30,592 : INFO : End of Archiving Old Processed Files...
2020-08-13 18:31:30,592 : INFO : Start of Archiving Old Result Files...
2020-08-13 18:31:30,593 : INFO : End of Archiving Old Result Files...
2020-08-13 18:31:30,593 : INFO : Start of Reading values From Schema...
2020-08-13 18:31:30,594 : INFO : End of Reading values From Schema...
2020-08-13 18:31:30,594 : INFO : Start of Validating Column Length...
2020-08-13 18:31:30,606 : INFO : End of Validating Column Length...
2020-08-13 18:31:30,606 : INFO : Start of Validating Missing Values...
2020-08-13 18:31:30,620 : INFO : End of Validating Missing Values...
2020-08-13 18:31:30,620 : INFO : Start of Replacing Missing Values with NULL...
2020-08-13 18:31:30,662 : INFO : Credit_Approval_rename_data.csv: File Transformed successfully!!
2020-08-13 18:31:30,662 : INFO : End of Replacing Missing Values with NULL...
2020-08-13 18:31:30,662 : INFO : Start of Creating Table...
2020-08-13 18:31:30,663 : INFO : Opened training database successfully
2020-08-13 18:31:31,001 : INFO : CREATE TABLE training_raw_data_t column_name
2020-08-13 18:31:31,171 : INFO : ALTER TABLE training_raw_data_t ADD COLUMN
2020-08-13 18:31:31,288 : INFO : ALTER TABLE training_raw_data_t ADD COLUMN
2020-08-13 18:31:31,427 : INFO : ALTER TABLE training_raw_data_t ADD COLUMN
2020-08-13 18:31:31,618 : INFO : ALTER TABLE training_raw_data_t ADD COLUMN
2020-08-13 18:31:31,789 : INFO : ALTER TABLE training_raw_data_t ADD COLUMN
2020-08-13 18:31:31,905 : INFO : ALTER TABLE training_raw_data_t ADD COLUMN
2020-08-13 18:31:32,140 : INFO : ALTER TABLE training_raw_data_t ADD COLUMN
2020-08-13 18:31:32,330 : INFO : ALTER TABLE training_raw_data_t ADD COLUMN
2020-08-13 18:31:32,556 : INFO : ALTER TABLE training_raw_data_t ADD COLUMN
2020-08-13 18:31:32,652 : INFO : ALTER TABLE training_raw_data_t ADD COLUMN
2020-08-13 18:31:32,768 : INFO : ALTER TABLE training_raw_data_t ADD COLUMN
2020-08-13 18:31:32,874 : INFO : ALTER TABLE training_raw_data_t ADD COLUMN
2020-08-13 18:31:33,046 : INFO : ALTER TABLE training_raw_data_t ADD COLUMN
2020-08-13 18:31:33,208 : INFO : ALTER TABLE training_raw_data_t ADD COLUMN
2020-08-13 18:31:33,399 : INFO : ALTER TABLE training_raw_data_t ADD COLUMN
2020-08-13 18:31:33,399 : INFO : End of Creating Table...
2020-08-13 18:31:33,401 : INFO : Opened training database successfully
2020-08-13 18:31:33,401 : INFO : Start of Inserting Data into Table...
2020-08-13 18:33:04,966 : INFO : End of Inserting Data into Table...
2020-08-13 18:33:04,967 : INFO : Start of Exporting Data into CSV...
2020-08-13 18:33:04,971 : INFO : Opened training database successfully
2020-08-13 18:33:04,997 : INFO : End of Exporting Data into CSV...
2020-08-13 18:33:04,999 : INFO : Start of Moving Processed Files...
2020-08-13 18:33:05,004 : INFO : Moved the already processed file Credit_Approval_rename_data.csv
2020-08-13 18:33:05,004 : INFO : End of Moving Processed Files...
2020-08-13 18:33:05,004 : INFO : End of Data Load, validation and transformation
2020-08-13 18:33:05,005 : INFO : Start of Preprocessing...
2020-08-13 18:33:05,005 : INFO : Start of reading dataset...
2020-08-13 18:33:05,021 : INFO : End of reading dataset...
2020-08-13 18:33:05,021 : INFO : Start of Droping Columns...
2020-08-13 18:33:05,025 : INFO : End of Droping Columns...
2020-08-13 18:33:05,026 : INFO : Start of replacing invalid values...
2020-08-13 18:33:05,264 : INFO : end of replacing invalid values...
2020-08-13 18:33:05,264 : INFO : Start of encode Categorical Values ...
2020-08-13 18:33:05,280 : INFO : end of encode Categorical Values...
2020-08-13 18:33:05,280 : INFO : Start of feature encoding...
2020-08-13 18:33:05,304 : INFO : End of feature encoding...
2020-08-13 18:33:05,307 : INFO : Start of Droping Columns...
2020-08-13 18:33:05,309 : INFO : End of Droping Columns...
2020-08-13 18:33:05,309 : INFO : Start of finding missing values...
2020-08-13 18:33:05,317 : INFO : End of finding missing values...
2020-08-13 18:33:05,317 : INFO : Start of imputing missing values...
2020-08-13 18:33:05,326 : INFO : End of imputing missing values...
2020-08-13 18:33:05,327 : INFO : Start feature selection of dataset...
2020-08-13 18:33:06,186 : INFO : End feature selection of dataset...
2020-08-13 18:33:06,187 : INFO : Start of splitting features and label ...
2020-08-13 18:33:06,189 : INFO : End of splitting features and label ...
2020-08-13 18:33:06,189 : INFO : End of Preprocessing...
2020-08-13 18:33:06,263 : INFO : Start of finding best params for XGBoost algo...
2020-08-13 18:33:36,363 : INFO : XGBoost best params: {'learning_rate': 0.001, 'max_depth': 3, 'n_estimators': 10}
2020-08-13 18:33:36,363 : INFO : End of finding best params for XGBoost algo...
2020-08-13 18:33:36,386 : INFO : AUC for Xgboost:0.7999999999999999
2020-08-13 18:33:36,386 : INFO : Start of finding best params for randomforest algo...
2020-08-13 18:33:37,943 : INFO : Random Forest best params: {'criterion': 'entropy', 'max_depth': 2, 'max_features': 'log2', 'n_estimators': 4}
2020-08-13 18:33:37,943 : INFO : End of finding best params for randomforest algo...
2020-08-13 18:33:37,946 : INFO : AUC for Random Forest:0.8815873015873015
2020-08-13 18:33:37,946 : INFO : End of finding best model...
2020-08-13 18:33:37,946 : ERROR : Unsuccessful End of Training
Traceback (most recent call last):
  File "C:\Users\sreeh\Desktop\group project\actual project\apps\training\train_model.py", line 81, in training_model
    save_model = self.fileOperation.save_model(best_model, best_model_name + str(i))
NameError: name 'i' is not defined
