2020-08-14 08:38:55,270 : INFO : Start of Training
2020-08-14 08:38:55,270 : INFO : Run_id:2020-08-14_083855_381481465
2020-08-14 08:38:55,270 : INFO : Start of Data Load, validation and transformation
2020-08-14 08:38:55,270 : INFO : Start of Archiving Old Rejected Files...
2020-08-14 08:38:55,270 : INFO : End of Archiving Old Rejected Files...
2020-08-14 08:38:55,270 : INFO : Start of Archiving Old Validated Files...
2020-08-14 08:38:55,298 : INFO : End of Archiving Old Validated Files...
2020-08-14 08:38:55,298 : INFO : Start of Archiving Old Processed Files...
2020-08-14 08:38:55,303 : INFO : End of Archiving Old Processed Files...
2020-08-14 08:38:55,304 : INFO : Start of Archiving Old Result Files...
2020-08-14 08:38:55,304 : INFO : End of Archiving Old Result Files...
2020-08-14 08:38:55,305 : INFO : Start of Reading values From Schema...
2020-08-14 08:38:55,329 : INFO : End of Reading values From Schema...
2020-08-14 08:38:55,329 : INFO : Start of Validating Column Length...
2020-08-14 08:38:55,329 : INFO : End of Validating Column Length...
2020-08-14 08:38:55,329 : INFO : Start of Validating Missing Values...
2020-08-14 08:38:55,330 : INFO : End of Validating Missing Values...
2020-08-14 08:38:55,330 : INFO : Start of Replacing Missing Values with NULL...
2020-08-14 08:38:55,330 : INFO : End of Replacing Missing Values with NULL...
2020-08-14 08:38:55,330 : INFO : Start of Creating Table...
2020-08-14 08:38:55,433 : INFO : Opened training database successfully
2020-08-14 08:38:55,484 : INFO : Tables created successfully
2020-08-14 08:38:55,484 : INFO : Closed training database successfully
2020-08-14 08:38:55,485 : INFO : End of Creating Table...
2020-08-14 08:38:55,486 : INFO : Opened training database successfully
2020-08-14 08:38:55,487 : INFO : Start of Inserting Data into Table...
2020-08-14 08:38:55,487 : INFO : End of Inserting Data into Table...
2020-08-14 08:38:55,487 : INFO : Start of Exporting Data into CSV...
2020-08-14 08:38:55,488 : INFO : Opened training database successfully
2020-08-14 08:38:55,510 : INFO : End of Exporting Data into CSV...
2020-08-14 08:38:55,511 : INFO : Start of Moving Processed Files...
2020-08-14 08:38:55,511 : INFO : End of Moving Processed Files...
2020-08-14 08:38:55,512 : INFO : End of Data Load, validation and transformation
2020-08-14 08:38:55,512 : INFO : Start of Preprocessing...
2020-08-14 08:38:55,512 : INFO : Start of reading dataset...
2020-08-14 08:38:55,549 : INFO : End of reading dataset...
2020-08-14 08:38:55,549 : INFO : Start of Droping Columns...
2020-08-14 08:38:55,570 : INFO : End of Droping Columns...
2020-08-14 08:38:55,570 : INFO : Start of replacing invalid values...
2020-08-14 08:38:55,704 : INFO : end of replacing invalid values...
2020-08-14 08:38:55,704 : INFO : Start of encode Categorical Values ...
2020-08-14 08:38:55,720 : INFO : end of encode Categorical Values...
2020-08-14 08:38:55,721 : INFO : Start of feature encoding...
2020-08-14 08:38:55,886 : INFO : End of feature encoding...
2020-08-14 08:38:55,899 : INFO : Start of Droping Columns...
2020-08-14 08:38:55,910 : INFO : End of Droping Columns...
2020-08-14 08:38:55,910 : INFO : Start of finding missing values...
2020-08-14 08:38:55,984 : INFO : End of finding missing values...
2020-08-14 08:38:55,985 : INFO : Start of imputing missing values...
2020-08-14 08:38:56,149 : INFO : End of imputing missing values...
2020-08-14 08:38:56,149 : INFO : Start feature selection of dataset...
2020-08-14 08:38:56,366 : INFO : End feature selection of dataset...
2020-08-14 08:38:56,367 : INFO : Start of splitting features and label ...
2020-08-14 08:38:56,374 : INFO : End of splitting features and label ...
2020-08-14 08:38:56,375 : INFO : End of Preprocessing...
2020-08-14 08:38:56,409 : INFO : Start of finding best params for XGBoost algo...
2020-08-14 08:39:30,758 : INFO : XGBoost best params: {'learning_rate': 0.001, 'max_depth': 3, 'n_estimators': 10}
2020-08-14 08:39:30,758 : INFO : End of finding best params for XGBoost algo...
2020-08-14 08:39:30,853 : INFO : AUC for Xgboost:0.7999999999999999
2020-08-14 08:39:30,854 : INFO : Start of finding best params for randomforest algo...
2020-08-14 08:39:32,778 : INFO : Random Forest best params: {'criterion': 'entropy', 'max_depth': 3, 'max_features': 'log2', 'n_estimators': 4}
2020-08-14 08:39:32,778 : INFO : End of finding best params for randomforest algo...
2020-08-14 08:39:32,781 : INFO : AUC for Random Forest:0.8593650793650793
2020-08-14 08:39:32,781 : INFO : End of finding best model...
2020-08-14 08:39:32,781 : INFO : Start of Save Models
2020-08-14 08:39:32,805 : INFO : Model File RandomForest saved
2020-08-14 08:39:32,805 : INFO : End of Save Models
2020-08-14 08:39:32,806 : INFO : End of Training
