2020-08-12 10:26:09,154 : INFO : Start of Training
2020-08-12 10:26:09,154 : INFO : Run_id:2020-08-12_102609_636687445
2020-08-12 10:26:09,154 : INFO : Start of Data Load, validation and transformation
2020-08-12 10:26:09,154 : INFO : Start of Archiving Old Rejected Files...
2020-08-12 10:26:09,154 : INFO : End of Archiving Old Rejected Files...
2020-08-12 10:26:09,155 : INFO : Start of Archiving Old Validated Files...
2020-08-12 10:26:09,158 : INFO : End of Archiving Old Validated Files...
2020-08-12 10:26:09,158 : INFO : Start of Archiving Old Processed Files...
2020-08-12 10:26:09,158 : INFO : End of Archiving Old Processed Files...
2020-08-12 10:26:09,158 : INFO : Start of Archiving Old Result Files...
2020-08-12 10:26:09,159 : INFO : End of Archiving Old Result Files...
2020-08-12 10:26:09,159 : INFO : Start of Reading values From Schema...
2020-08-12 10:26:09,160 : INFO : End of Reading values From Schema...
2020-08-12 10:26:09,160 : INFO : Start of Validating Column Length...
2020-08-12 10:26:09,160 : INFO : End of Validating Column Length...
2020-08-12 10:26:09,160 : INFO : Start of Validating Missing Values...
2020-08-12 10:26:09,160 : INFO : End of Validating Missing Values...
2020-08-12 10:26:09,160 : INFO : Start of Replacing Missing Values with NULL...
2020-08-12 10:26:09,161 : INFO : End of Replacing Missing Values with NULL...
2020-08-12 10:26:09,161 : INFO : Start of Creating Table...
2020-08-12 10:26:09,162 : INFO : Opened training database successfully
2020-08-12 10:26:09,162 : INFO : Tables created successfully
2020-08-12 10:26:09,163 : INFO : Closed training database successfully
2020-08-12 10:26:09,163 : INFO : End of Creating Table...
2020-08-12 10:26:09,163 : INFO : Opened training database successfully
2020-08-12 10:26:09,163 : INFO : Start of Inserting Data into Table...
2020-08-12 10:26:09,164 : INFO : End of Inserting Data into Table...
2020-08-12 10:26:09,164 : INFO : Start of Exporting Data into CSV...
2020-08-12 10:26:09,164 : INFO : Opened training database successfully
2020-08-12 10:26:09,173 : INFO : End of Exporting Data into CSV...
2020-08-12 10:26:09,174 : INFO : Start of Moving Processed Files...
2020-08-12 10:26:09,174 : INFO : End of Moving Processed Files...
2020-08-12 10:26:09,174 : INFO : End of Data Load, validation and transformation
2020-08-12 10:26:09,174 : INFO : Start of Preprocessing...
2020-08-12 10:26:09,174 : INFO : Start of reading dataset...
2020-08-12 10:26:09,181 : INFO : End of reading dataset...
2020-08-12 10:26:09,181 : INFO : Start of Droping Columns...
2020-08-12 10:26:09,182 : INFO : End of Droping Columns...
2020-08-12 10:26:09,183 : INFO : Start of replacing invalid values...
2020-08-12 10:26:09,226 : INFO : end of replacing invalid values...
2020-08-12 10:26:09,226 : INFO : Start of encode Categorical Values ...
2020-08-12 10:26:09,237 : INFO : end of encode Categorical Values...
2020-08-12 10:26:09,238 : INFO : Start of feature encoding...
2020-08-12 10:26:09,252 : INFO : End of feature encoding...
2020-08-12 10:26:09,254 : INFO : Start of Droping Columns...
2020-08-12 10:26:09,256 : INFO : End of Droping Columns...
2020-08-12 10:26:09,256 : INFO : Start of finding missing values...
2020-08-12 10:26:09,262 : INFO : End of finding missing values...
2020-08-12 10:26:09,262 : INFO : Start of imputing missing values...
2020-08-12 10:26:09,270 : INFO : End of imputing missing values...
2020-08-12 10:26:09,270 : INFO : Start of splitting features and label ...
2020-08-12 10:26:09,271 : INFO : End of splitting features and label ...
2020-08-12 10:26:09,271 : INFO : End of Preprocessing...
2020-08-12 10:26:09,272 : INFO : Start of elbow plotting...
2020-08-12 10:26:09,783 : INFO : The optimum number of clusters is: 3
2020-08-12 10:26:09,783 : INFO : End of elbow plotting...
2020-08-12 10:26:09,783 : INFO : Start of Create clusters...
2020-08-12 10:26:09,833 : INFO : Start of Save Models
2020-08-12 10:26:09,833 : INFO : Start of Save Models
2020-08-12 10:26:09,837 : INFO : Model File KMeans saved
2020-08-12 10:26:09,837 : INFO : Model File KMeans saved
2020-08-12 10:26:09,837 : INFO : End of Save Models
2020-08-12 10:26:09,837 : INFO : End of Save Models
2020-08-12 10:26:09,838 : INFO : succesfully created 3clusters.
2020-08-12 10:26:09,838 : INFO : End of Create clusters...
2020-08-12 10:26:09,845 : INFO : Start of finding best model...
2020-08-12 10:26:09,845 : INFO : Start of finding best params for KNN algo...
2020-08-12 10:26:14,861 : ERROR : Exception raised while finding best params for knn algo:'n_neighbors'
Traceback (most recent call last):
  File "C:\Users\sreeh\Desktop\group project\actual project\apps\tuning\model_tuner.py", line 116, in get_best_params_for_KNN
    self.n_neighbors = self.grid.best_params_['n_neighbors']
KeyError: 'n_neighbors'
2020-08-12 10:26:14,862 : ERROR : Exception raised while finding best model:
Traceback (most recent call last):
  File "C:\Users\sreeh\Desktop\group project\actual project\apps\tuning\model_tuner.py", line 116, in get_best_params_for_KNN
    self.n_neighbors = self.grid.best_params_['n_neighbors']
KeyError: 'n_neighbors'

During handling of the above exception, another exception occurred:

Traceback (most recent call last):
  File "C:\Users\sreeh\Desktop\group project\actual project\apps\tuning\model_tuner.py", line 188, in get_best_model
    self.knn = self.get_best_params_for_KNN(train_x, train_y)
  File "C:\Users\sreeh\Desktop\group project\actual project\apps\tuning\model_tuner.py", line 130, in get_best_params_for_KNN
    raise Exception()
Exception
2020-08-12 10:26:14,862 : ERROR : Unsuccessful End of Training
Traceback (most recent call last):
  File "C:\Users\sreeh\Desktop\group project\actual project\apps\tuning\model_tuner.py", line 116, in get_best_params_for_KNN
    self.n_neighbors = self.grid.best_params_['n_neighbors']
KeyError: 'n_neighbors'

During handling of the above exception, another exception occurred:

Traceback (most recent call last):
  File "C:\Users\sreeh\Desktop\group project\actual project\apps\tuning\model_tuner.py", line 188, in get_best_model
    self.knn = self.get_best_params_for_KNN(train_x, train_y)
  File "C:\Users\sreeh\Desktop\group project\actual project\apps\tuning\model_tuner.py", line 130, in get_best_params_for_KNN
    raise Exception()
Exception

During handling of the above exception, another exception occurred:

Traceback (most recent call last):
  File "C:\Users\sreeh\Desktop\group project\actual project\apps\training\train_model.py", line 78, in training_model
    best_model_name, best_model = self.modelTuner.get_best_model(x_train, y_train, x_test, y_test)
  File "C:\Users\sreeh\Desktop\group project\actual project\apps\tuning\model_tuner.py", line 221, in get_best_model
    raise Exception()
Exception
