2020-08-13 22:47:33,200 : INFO : Start of Training
2020-08-13 22:47:33,266 : INFO : Run_id:2020-08-13_224732_115076655
2020-08-13 22:47:33,267 : INFO : Start of Data Load, validation and transformation
2020-08-13 22:47:33,267 : INFO : Start of Archiving Old Rejected Files...
2020-08-13 22:47:33,267 : INFO : End of Archiving Old Rejected Files...
2020-08-13 22:47:33,268 : INFO : Start of Archiving Old Validated Files...
2020-08-13 22:47:33,268 : INFO : End of Archiving Old Validated Files...
2020-08-13 22:47:33,268 : INFO : Start of Archiving Old Processed Files...
2020-08-13 22:47:33,268 : INFO : End of Archiving Old Processed Files...
2020-08-13 22:47:33,269 : INFO : Start of Archiving Old Result Files...
2020-08-13 22:47:33,269 : INFO : End of Archiving Old Result Files...
2020-08-13 22:47:33,269 : INFO : Start of Reading values From Schema...
2020-08-13 22:47:33,298 : INFO : End of Reading values From Schema...
2020-08-13 22:47:33,298 : INFO : Start of Validating Column Length...
2020-08-13 22:47:33,307 : INFO : End of Validating Column Length...
2020-08-13 22:47:33,307 : INFO : Start of Validating Missing Values...
2020-08-13 22:47:33,316 : INFO : End of Validating Missing Values...
2020-08-13 22:47:33,317 : INFO : Start of Replacing Missing Values with NULL...
2020-08-13 22:47:33,359 : INFO : Credit_Approval_rename_data.csv: File Transformed successfully!!
2020-08-13 22:47:33,359 : INFO : End of Replacing Missing Values with NULL...
2020-08-13 22:47:33,359 : INFO : Start of Creating Table...
2020-08-13 22:47:33,384 : INFO : Opened training database successfully
2020-08-13 22:47:33,564 : INFO : CREATE TABLE training_raw_data_t column_name
2020-08-13 22:47:33,675 : INFO : ALTER TABLE training_raw_data_t ADD COLUMN
2020-08-13 22:47:33,833 : INFO : ALTER TABLE training_raw_data_t ADD COLUMN
2020-08-13 22:47:33,983 : INFO : ALTER TABLE training_raw_data_t ADD COLUMN
2020-08-13 22:47:34,130 : INFO : ALTER TABLE training_raw_data_t ADD COLUMN
2020-08-13 22:47:34,272 : INFO : ALTER TABLE training_raw_data_t ADD COLUMN
2020-08-13 22:47:34,400 : INFO : ALTER TABLE training_raw_data_t ADD COLUMN
2020-08-13 22:47:34,515 : INFO : ALTER TABLE training_raw_data_t ADD COLUMN
2020-08-13 22:47:34,633 : INFO : ALTER TABLE training_raw_data_t ADD COLUMN
2020-08-13 22:47:34,758 : INFO : ALTER TABLE training_raw_data_t ADD COLUMN
2020-08-13 22:47:34,887 : INFO : ALTER TABLE training_raw_data_t ADD COLUMN
2020-08-13 22:47:34,991 : INFO : ALTER TABLE training_raw_data_t ADD COLUMN
2020-08-13 22:47:35,106 : INFO : ALTER TABLE training_raw_data_t ADD COLUMN
2020-08-13 22:47:35,211 : INFO : ALTER TABLE training_raw_data_t ADD COLUMN
2020-08-13 22:47:35,361 : INFO : ALTER TABLE training_raw_data_t ADD COLUMN
2020-08-13 22:47:35,693 : INFO : ALTER TABLE training_raw_data_t ADD COLUMN
2020-08-13 22:47:35,697 : INFO : End of Creating Table...
2020-08-13 22:47:35,706 : INFO : Opened training database successfully
2020-08-13 22:47:35,708 : INFO : Start of Inserting Data into Table...
2020-08-13 22:49:12,737 : INFO : End of Inserting Data into Table...
2020-08-13 22:49:12,738 : INFO : Start of Exporting Data into CSV...
2020-08-13 22:49:12,745 : INFO : Opened training database successfully
2020-08-13 22:49:12,801 : INFO : End of Exporting Data into CSV...
2020-08-13 22:49:12,804 : INFO : Start of Moving Processed Files...
2020-08-13 22:49:12,814 : INFO : Moved the already processed file Credit_Approval_rename_data.csv
2020-08-13 22:49:12,815 : INFO : End of Moving Processed Files...
2020-08-13 22:49:12,815 : INFO : End of Data Load, validation and transformation
2020-08-13 22:49:12,816 : INFO : Start of Preprocessing...
2020-08-13 22:49:12,817 : INFO : Start of reading dataset...
2020-08-13 22:49:12,862 : INFO : End of reading dataset...
2020-08-13 22:49:12,862 : INFO : Start of Droping Columns...
2020-08-13 22:49:12,875 : INFO : End of Droping Columns...
2020-08-13 22:49:12,875 : INFO : Start of replacing invalid values...
2020-08-13 22:49:13,106 : INFO : end of replacing invalid values...
2020-08-13 22:49:13,106 : INFO : Start of encode Categorical Values ...
2020-08-13 22:49:13,120 : INFO : end of encode Categorical Values...
2020-08-13 22:49:13,120 : INFO : Start of feature encoding...
2020-08-13 22:49:13,212 : INFO : End of feature encoding...
2020-08-13 22:49:13,292 : INFO : Start of Droping Columns...
2020-08-13 22:49:13,295 : INFO : End of Droping Columns...
2020-08-13 22:49:13,295 : INFO : Start of finding missing values...
2020-08-13 22:49:13,307 : INFO : End of finding missing values...
2020-08-13 22:49:13,307 : INFO : Start of imputing missing values...
2020-08-13 22:49:13,437 : INFO : End of imputing missing values...
2020-08-13 22:49:13,438 : INFO : Start feature selection of dataset...
2020-08-13 22:49:13,577 : INFO : End feature selection of dataset...
2020-08-13 22:49:13,577 : INFO : Start of splitting features and label ...
2020-08-13 22:49:13,579 : INFO : End of splitting features and label ...
2020-08-13 22:49:13,579 : INFO : End of Preprocessing...
2020-08-13 22:49:13,584 : INFO : Start of finding best params for XGBoost algo...
2020-08-13 22:49:44,303 : INFO : XGBoost best params: {'learning_rate': 0.001, 'max_depth': 3, 'n_estimators': 10}
2020-08-13 22:49:44,303 : INFO : End of finding best params for XGBoost algo...
2020-08-13 22:49:44,330 : INFO : AUC for Xgboost:0.7999999999999999
2020-08-13 22:49:44,330 : INFO : Start of finding best params for randomforest algo...
2020-08-13 22:49:45,672 : INFO : Random Forest best params: {'criterion': 'entropy', 'max_depth': 2, 'max_features': 'auto', 'n_estimators': 4}
2020-08-13 22:49:45,672 : INFO : End of finding best params for randomforest algo...
2020-08-13 22:49:45,675 : INFO : AUC for Random Forest:0.8815873015873015
2020-08-13 22:49:45,675 : INFO : End of finding best model...
2020-08-13 22:49:45,676 : INFO : Start of Save Models
2020-08-13 22:49:45,722 : INFO : Model File RandomForest saved
2020-08-13 22:49:45,723 : INFO : End of Save Models
2020-08-13 22:49:45,723 : INFO : End of Training
