2020-08-13 09:40:22,914 : INFO : Start of Training
2020-08-13 09:40:22,914 : INFO : Run_id:2020-08-13_094022_307056068
2020-08-13 09:40:22,914 : INFO : Start of Data Load, validation and transformation
2020-08-13 09:40:22,914 : INFO : Start of Archiving Old Rejected Files...
2020-08-13 09:40:22,914 : INFO : End of Archiving Old Rejected Files...
2020-08-13 09:40:22,915 : INFO : Start of Archiving Old Validated Files...
2020-08-13 09:40:22,915 : INFO : End of Archiving Old Validated Files...
2020-08-13 09:40:22,915 : INFO : Start of Archiving Old Processed Files...
2020-08-13 09:40:22,917 : INFO : End of Archiving Old Processed Files...
2020-08-13 09:40:22,918 : INFO : Start of Archiving Old Result Files...
2020-08-13 09:40:23,275 : INFO : End of Archiving Old Result Files...
2020-08-13 09:40:23,275 : INFO : Start of Reading values From Schema...
2020-08-13 09:40:23,277 : INFO : End of Reading values From Schema...
2020-08-13 09:40:23,277 : INFO : Start of Validating Column Length...
2020-08-13 09:40:23,297 : INFO : End of Validating Column Length...
2020-08-13 09:40:23,297 : INFO : Start of Validating Missing Values...
2020-08-13 09:40:23,325 : INFO : End of Validating Missing Values...
2020-08-13 09:40:23,325 : INFO : Start of Replacing Missing Values with NULL...
2020-08-13 09:40:23,367 : INFO : Credit_Approval_rename_data.csv: File Transformed successfully!!
2020-08-13 09:40:23,367 : INFO : End of Replacing Missing Values with NULL...
2020-08-13 09:40:23,368 : INFO : Start of Creating Table...
2020-08-13 09:40:23,369 : INFO : Opened training database successfully
2020-08-13 09:40:23,554 : INFO : CREATE TABLE training_raw_data_t column_name
2020-08-13 09:40:23,681 : INFO : ALTER TABLE training_raw_data_t ADD COLUMN
2020-08-13 09:40:23,788 : INFO : ALTER TABLE training_raw_data_t ADD COLUMN
2020-08-13 09:40:23,903 : INFO : ALTER TABLE training_raw_data_t ADD COLUMN
2020-08-13 09:40:24,029 : INFO : ALTER TABLE training_raw_data_t ADD COLUMN
2020-08-13 09:40:24,145 : INFO : ALTER TABLE training_raw_data_t ADD COLUMN
2020-08-13 09:40:24,299 : INFO : ALTER TABLE training_raw_data_t ADD COLUMN
2020-08-13 09:40:24,504 : INFO : ALTER TABLE training_raw_data_t ADD COLUMN
2020-08-13 09:40:24,652 : INFO : ALTER TABLE training_raw_data_t ADD COLUMN
2020-08-13 09:40:24,756 : INFO : ALTER TABLE training_raw_data_t ADD COLUMN
2020-08-13 09:40:24,862 : INFO : ALTER TABLE training_raw_data_t ADD COLUMN
2020-08-13 09:40:24,957 : INFO : ALTER TABLE training_raw_data_t ADD COLUMN
2020-08-13 09:40:25,053 : INFO : ALTER TABLE training_raw_data_t ADD COLUMN
2020-08-13 09:40:25,178 : INFO : ALTER TABLE training_raw_data_t ADD COLUMN
2020-08-13 09:40:25,283 : INFO : ALTER TABLE training_raw_data_t ADD COLUMN
2020-08-13 09:40:25,399 : INFO : ALTER TABLE training_raw_data_t ADD COLUMN
2020-08-13 09:40:25,401 : INFO : End of Creating Table...
2020-08-13 09:40:25,404 : INFO : Opened training database successfully
2020-08-13 09:40:25,404 : INFO : Start of Inserting Data into Table...
2020-08-13 09:41:52,890 : INFO : End of Inserting Data into Table...
2020-08-13 09:41:52,891 : INFO : Start of Exporting Data into CSV...
2020-08-13 09:41:52,894 : INFO : Opened training database successfully
2020-08-13 09:41:52,940 : INFO : End of Exporting Data into CSV...
2020-08-13 09:41:52,941 : INFO : Start of Moving Processed Files...
2020-08-13 09:41:52,943 : INFO : Moved the already processed file Credit_Approval_rename_data.csv
2020-08-13 09:41:52,943 : INFO : End of Moving Processed Files...
2020-08-13 09:41:52,944 : INFO : End of Data Load, validation and transformation
2020-08-13 09:41:52,944 : INFO : Start of Preprocessing...
2020-08-13 09:41:52,944 : INFO : Start of reading dataset...
2020-08-13 09:41:52,957 : INFO : End of reading dataset...
2020-08-13 09:41:52,958 : INFO : Start of Droping Columns...
2020-08-13 09:41:52,959 : INFO : End of Droping Columns...
2020-08-13 09:41:52,959 : INFO : Start of replacing invalid values...
2020-08-13 09:41:53,007 : INFO : end of replacing invalid values...
2020-08-13 09:41:53,007 : INFO : Start of encode Categorical Values ...
2020-08-13 09:41:53,018 : INFO : end of encode Categorical Values...
2020-08-13 09:41:53,018 : INFO : Start of feature encoding...
2020-08-13 09:41:53,031 : INFO : End of feature encoding...
2020-08-13 09:41:53,034 : INFO : Start of Droping Columns...
2020-08-13 09:41:53,036 : INFO : End of Droping Columns...
2020-08-13 09:41:53,036 : INFO : Start of finding missing values...
2020-08-13 09:41:53,041 : INFO : End of finding missing values...
2020-08-13 09:41:53,041 : INFO : Start of imputing missing values...
2020-08-13 09:41:53,049 : INFO : End of imputing missing values...
2020-08-13 09:41:53,049 : INFO : Start of saving dataset...
2020-08-13 09:41:53,063 : INFO : End of saving dataset...
2020-08-13 09:41:53,063 : INFO : Start feature selection of dataset...
2020-08-13 09:41:53,064 : ERROR : Exception raised while feature selection of dataset: %s[Errno 2] File b'data/training_data_encode/encode.csv' does not exist: b'data/training_data_encode/encode.csv'
Traceback (most recent call last):
  File "C:\Users\sreeh\Desktop\group project\actual project\apps\preprocess\preprocessor.py", line 233, in Feature_Selection
    data = pd.read_csv(self.data_path + '_encode/encode.csv')
  File "C:\Users\sreeh\anaconda3\envs\Credit_Approval\lib\site-packages\pandas\io\parsers.py", line 685, in parser_f
    return _read(filepath_or_buffer, kwds)
  File "C:\Users\sreeh\anaconda3\envs\Credit_Approval\lib\site-packages\pandas\io\parsers.py", line 457, in _read
    parser = TextFileReader(fp_or_buf, **kwds)
  File "C:\Users\sreeh\anaconda3\envs\Credit_Approval\lib\site-packages\pandas\io\parsers.py", line 895, in __init__
    self._make_engine(self.engine)
  File "C:\Users\sreeh\anaconda3\envs\Credit_Approval\lib\site-packages\pandas\io\parsers.py", line 1135, in _make_engine
    self._engine = CParserWrapper(self.f, **self.options)
  File "C:\Users\sreeh\anaconda3\envs\Credit_Approval\lib\site-packages\pandas\io\parsers.py", line 1917, in __init__
    self._reader = parsers.TextReader(src, **kwds)
  File "pandas/_libs/parsers.pyx", line 382, in pandas._libs.parsers.TextReader.__cinit__
  File "pandas/_libs/parsers.pyx", line 689, in pandas._libs.parsers.TextReader._setup_parser_source
FileNotFoundError: [Errno 2] File b'data/training_data_encode/encode.csv' does not exist: b'data/training_data_encode/encode.csv'
2020-08-13 09:41:53,065 : ERROR : Unsuccessful End of Preprocessing...
Traceback (most recent call last):
  File "C:\Users\sreeh\Desktop\group project\actual project\apps\preprocess\preprocessor.py", line 233, in Feature_Selection
    data = pd.read_csv(self.data_path + '_encode/encode.csv')
  File "C:\Users\sreeh\anaconda3\envs\Credit_Approval\lib\site-packages\pandas\io\parsers.py", line 685, in parser_f
    return _read(filepath_or_buffer, kwds)
  File "C:\Users\sreeh\anaconda3\envs\Credit_Approval\lib\site-packages\pandas\io\parsers.py", line 457, in _read
    parser = TextFileReader(fp_or_buf, **kwds)
  File "C:\Users\sreeh\anaconda3\envs\Credit_Approval\lib\site-packages\pandas\io\parsers.py", line 895, in __init__
    self._make_engine(self.engine)
  File "C:\Users\sreeh\anaconda3\envs\Credit_Approval\lib\site-packages\pandas\io\parsers.py", line 1135, in _make_engine
    self._engine = CParserWrapper(self.f, **self.options)
  File "C:\Users\sreeh\anaconda3\envs\Credit_Approval\lib\site-packages\pandas\io\parsers.py", line 1917, in __init__
    self._reader = parsers.TextReader(src, **kwds)
  File "pandas/_libs/parsers.pyx", line 382, in pandas._libs.parsers.TextReader.__cinit__
  File "pandas/_libs/parsers.pyx", line 689, in pandas._libs.parsers.TextReader._setup_parser_source
FileNotFoundError: [Errno 2] File b'data/training_data_encode/encode.csv' does not exist: b'data/training_data_encode/encode.csv'

During handling of the above exception, another exception occurred:

Traceback (most recent call last):
  File "C:\Users\sreeh\Desktop\group project\actual project\apps\preprocess\preprocessor.py", line 340, in preprocess_trainset
    data = self.Feature_Selection()
  File "C:\Users\sreeh\Desktop\group project\actual project\apps\preprocess\preprocessor.py", line 255, in Feature_Selection
    raise Exception()
Exception
2020-08-13 09:41:53,065 : ERROR : Unsuccessful End of Training
Traceback (most recent call last):
  File "C:\Users\sreeh\Desktop\group project\actual project\apps\preprocess\preprocessor.py", line 233, in Feature_Selection
    data = pd.read_csv(self.data_path + '_encode/encode.csv')
  File "C:\Users\sreeh\anaconda3\envs\Credit_Approval\lib\site-packages\pandas\io\parsers.py", line 685, in parser_f
    return _read(filepath_or_buffer, kwds)
  File "C:\Users\sreeh\anaconda3\envs\Credit_Approval\lib\site-packages\pandas\io\parsers.py", line 457, in _read
    parser = TextFileReader(fp_or_buf, **kwds)
  File "C:\Users\sreeh\anaconda3\envs\Credit_Approval\lib\site-packages\pandas\io\parsers.py", line 895, in __init__
    self._make_engine(self.engine)
  File "C:\Users\sreeh\anaconda3\envs\Credit_Approval\lib\site-packages\pandas\io\parsers.py", line 1135, in _make_engine
    self._engine = CParserWrapper(self.f, **self.options)
  File "C:\Users\sreeh\anaconda3\envs\Credit_Approval\lib\site-packages\pandas\io\parsers.py", line 1917, in __init__
    self._reader = parsers.TextReader(src, **kwds)
  File "pandas/_libs/parsers.pyx", line 382, in pandas._libs.parsers.TextReader.__cinit__
  File "pandas/_libs/parsers.pyx", line 689, in pandas._libs.parsers.TextReader._setup_parser_source
FileNotFoundError: [Errno 2] File b'data/training_data_encode/encode.csv' does not exist: b'data/training_data_encode/encode.csv'

During handling of the above exception, another exception occurred:

Traceback (most recent call last):
  File "C:\Users\sreeh\Desktop\group project\actual project\apps\preprocess\preprocessor.py", line 340, in preprocess_trainset
    data = self.Feature_Selection()
  File "C:\Users\sreeh\Desktop\group project\actual project\apps\preprocess\preprocessor.py", line 255, in Feature_Selection
    raise Exception()
Exception

During handling of the above exception, another exception occurred:

Traceback (most recent call last):
  File "C:\Users\sreeh\Desktop\group project\actual project\apps\training\train_model.py", line 54, in training_model
    self.X, self.y = self.preProcess.preprocess_trainset()
  File "C:\Users\sreeh\Desktop\group project\actual project\apps\preprocess\preprocessor.py", line 347, in preprocess_trainset
    raise Exception
Exception
