2020-08-23 23:16:31,614 : INFO : Start of Training
2020-08-23 23:16:31,614 : INFO : Run_id:2020-08-23_231631_191202132
2020-08-23 23:16:31,614 : INFO : Start of Data Load, validation and transformation
2020-08-23 23:16:31,615 : INFO : Start of Archiving Old Rejected Files...
2020-08-23 23:16:31,615 : INFO : End of Archiving Old Rejected Files...
2020-08-23 23:16:31,615 : INFO : Start of Archiving Old Validated Files...
2020-08-23 23:16:31,620 : INFO : End of Archiving Old Validated Files...
2020-08-23 23:16:31,620 : INFO : Start of Archiving Old Processed Files...
2020-08-23 23:16:31,620 : INFO : End of Archiving Old Processed Files...
2020-08-23 23:16:31,620 : INFO : Start of Archiving Old Result Files...
2020-08-23 23:16:31,644 : INFO : End of Archiving Old Result Files...
2020-08-23 23:16:31,644 : INFO : Start of Reading values From Schema...
2020-08-23 23:16:31,645 : INFO : End of Reading values From Schema...
2020-08-23 23:16:31,645 : INFO : Start of Validating Column Length...
2020-08-23 23:16:31,645 : INFO : End of Validating Column Length...
2020-08-23 23:16:31,645 : INFO : Start of Validating Missing Values...
2020-08-23 23:16:31,646 : INFO : End of Validating Missing Values...
2020-08-23 23:16:31,646 : INFO : Start of Replacing Missing Values with NULL...
2020-08-23 23:16:31,646 : INFO : End of Replacing Missing Values with NULL...
2020-08-23 23:16:31,646 : INFO : Start of Creating Table...
2020-08-23 23:16:31,647 : INFO : Opened training database successfully
2020-08-23 23:16:31,647 : INFO : Tables created successfully
2020-08-23 23:16:31,647 : INFO : Closed training database successfully
2020-08-23 23:16:31,648 : INFO : End of Creating Table...
2020-08-23 23:16:31,648 : INFO : Opened training database successfully
2020-08-23 23:16:31,648 : INFO : Start of Inserting Data into Table...
2020-08-23 23:16:31,649 : INFO : End of Inserting Data into Table...
2020-08-23 23:16:31,649 : INFO : Start of Exporting Data into CSV...
2020-08-23 23:16:31,649 : INFO : Opened training database successfully
2020-08-23 23:16:31,669 : INFO : End of Exporting Data into CSV...
2020-08-23 23:16:31,671 : INFO : Start of Moving Processed Files...
2020-08-23 23:16:31,672 : INFO : End of Moving Processed Files...
2020-08-23 23:16:31,672 : INFO : End of Data Load, validation and transformation
2020-08-23 23:16:31,673 : INFO : Start of Preprocessing...
2020-08-23 23:16:31,673 : INFO : Start of reading dataset...
2020-08-23 23:16:31,791 : INFO : End of reading dataset...
2020-08-23 23:16:31,793 : INFO : Start of Droping Columns...
2020-08-23 23:16:31,814 : INFO : End of Droping Columns...
2020-08-23 23:16:31,815 : INFO : Start of replacing invalid values...
2020-08-23 23:16:31,897 : INFO : end of replacing invalid values...
2020-08-23 23:16:31,897 : INFO : Start of encode Categorical Values ...
2020-08-23 23:16:31,907 : INFO : end of encode Categorical Values...
2020-08-23 23:16:31,907 : INFO : Start of feature encoding...
2020-08-23 23:16:31,956 : INFO : End of feature encoding...
2020-08-23 23:16:31,959 : INFO : Start of Droping Columns...
2020-08-23 23:16:31,962 : INFO : End of Droping Columns...
2020-08-23 23:16:31,963 : INFO : Start of finding missing values...
2020-08-23 23:16:31,981 : INFO : End of finding missing values...
2020-08-23 23:16:31,981 : INFO : Start of imputing missing values...
2020-08-23 23:16:31,995 : INFO : End of imputing missing values...
2020-08-23 23:16:31,995 : INFO : Start feature selection of dataset...
2020-08-23 23:16:32,024 : INFO : End feature selection of dataset...
2020-08-23 23:16:32,024 : INFO : Start of splitting features and label ...
2020-08-23 23:16:32,025 : INFO : End of splitting features and label ...
2020-08-23 23:16:32,026 : INFO : End of Preprocessing...
2020-08-23 23:16:32,030 : INFO : Start of finding best params for XGBoost algo...
2020-08-23 23:17:00,816 : INFO : XGBoost best params: {'learning_rate': 0.001, 'max_depth': 3, 'n_estimators': 10}
2020-08-23 23:17:00,816 : INFO : End of finding best params for XGBoost algo...
2020-08-23 23:17:00,819 : INFO : AUC for Xgboost:0.7999999999999999
2020-08-23 23:17:00,820 : INFO : Start of finding best params for randomforest algo...
2020-08-23 23:17:02,567 : INFO : Random Forest best params: {'criterion': 'entropy', 'max_depth': 3, 'max_features': 'auto', 'n_estimators': 3}
2020-08-23 23:17:02,567 : INFO : End of finding best params for randomforest algo...
2020-08-23 23:17:02,571 : INFO : AUC for Random Forest:0.8184126984126984
2020-08-23 23:17:02,571 : INFO : End of finding best model...
2020-08-23 23:17:02,571 : INFO : Start of Save Models
2020-08-23 23:17:02,575 : INFO : Model File RandomForest saved
2020-08-23 23:17:02,575 : INFO : End of Save Models
2020-08-23 23:17:02,576 : INFO : End of Training
