2020-08-23 22:40:12,751 : INFO : Start of Training
2020-08-23 22:40:12,752 : INFO : Run_id:2020-08-23_224012_860578617
2020-08-23 22:40:12,753 : INFO : Start of Data Load, validation and transformation
2020-08-23 22:40:12,754 : INFO : Start of Archiving Old Rejected Files...
2020-08-23 22:40:12,755 : INFO : End of Archiving Old Rejected Files...
2020-08-23 22:40:12,756 : INFO : Start of Archiving Old Validated Files...
2020-08-23 22:40:12,772 : INFO : End of Archiving Old Validated Files...
2020-08-23 22:40:12,773 : INFO : Start of Archiving Old Processed Files...
2020-08-23 22:40:12,775 : INFO : End of Archiving Old Processed Files...
2020-08-23 22:40:12,775 : INFO : Start of Archiving Old Result Files...
2020-08-23 22:40:12,776 : INFO : End of Archiving Old Result Files...
2020-08-23 22:40:12,777 : INFO : Start of Reading values From Schema...
2020-08-23 22:40:12,854 : INFO : End of Reading values From Schema...
2020-08-23 22:40:12,856 : INFO : Start of Validating Column Length...
2020-08-23 22:40:12,859 : INFO : End of Validating Column Length...
2020-08-23 22:40:12,859 : INFO : Start of Validating Missing Values...
2020-08-23 22:40:12,860 : INFO : End of Validating Missing Values...
2020-08-23 22:40:12,861 : INFO : Start of Replacing Missing Values with NULL...
2020-08-23 22:40:12,861 : INFO : End of Replacing Missing Values with NULL...
2020-08-23 22:40:12,862 : INFO : Start of Creating Table...
2020-08-23 22:40:12,992 : INFO : Opened training database successfully
2020-08-23 22:40:13,020 : INFO : Tables created successfully
2020-08-23 22:40:13,021 : INFO : Closed training database successfully
2020-08-23 22:40:13,021 : INFO : End of Creating Table...
2020-08-23 22:40:13,025 : INFO : Opened training database successfully
2020-08-23 22:40:13,027 : INFO : Start of Inserting Data into Table...
2020-08-23 22:40:13,028 : INFO : End of Inserting Data into Table...
2020-08-23 22:40:13,028 : INFO : Start of Exporting Data into CSV...
2020-08-23 22:40:13,032 : INFO : Opened training database successfully
2020-08-23 22:40:13,094 : INFO : End of Exporting Data into CSV...
2020-08-23 22:40:13,097 : INFO : Start of Moving Processed Files...
2020-08-23 22:40:13,098 : INFO : End of Moving Processed Files...
2020-08-23 22:40:13,099 : INFO : End of Data Load, validation and transformation
2020-08-23 22:40:13,099 : INFO : Start of Preprocessing...
2020-08-23 22:40:13,099 : INFO : Start of reading dataset...
2020-08-23 22:40:13,166 : INFO : End of reading dataset...
2020-08-23 22:40:13,166 : INFO : Start of Droping Columns...
2020-08-23 22:40:13,174 : INFO : End of Droping Columns...
2020-08-23 22:40:13,175 : INFO : Start of replacing invalid values...
2020-08-23 22:40:13,429 : INFO : end of replacing invalid values...
2020-08-23 22:40:13,430 : INFO : Start of encode Categorical Values ...
2020-08-23 22:40:13,462 : INFO : end of encode Categorical Values...
2020-08-23 22:40:13,462 : INFO : Start of feature encoding...
2020-08-23 22:40:13,607 : INFO : End of feature encoding...
2020-08-23 22:40:13,622 : INFO : Start of Droping Columns...
2020-08-23 22:40:13,629 : INFO : End of Droping Columns...
2020-08-23 22:40:13,631 : INFO : Start of finding missing values...
2020-08-23 22:40:13,725 : INFO : End of finding missing values...
2020-08-23 22:40:13,726 : INFO : Start of imputing missing values...
2020-08-23 22:40:13,882 : INFO : End of imputing missing values...
2020-08-23 22:40:13,883 : INFO : Start feature selection of dataset...
2020-08-23 22:40:13,998 : INFO : End feature selection of dataset...
2020-08-23 22:40:13,998 : INFO : Start of splitting features and label ...
2020-08-23 22:40:14,002 : INFO : End of splitting features and label ...
2020-08-23 22:40:14,003 : INFO : End of Preprocessing...
2020-08-23 22:40:14,039 : INFO : Start of finding best params for XGBoost algo...
2020-08-23 22:40:49,665 : INFO : XGBoost best params: {'learning_rate': 0.001, 'max_depth': 3, 'n_estimators': 10}
2020-08-23 22:40:49,666 : INFO : End of finding best params for XGBoost algo...
2020-08-23 22:40:49,737 : INFO : AUC for Xgboost:0.7999999999999999
2020-08-23 22:40:49,738 : INFO : Start of finding best params for randomforest algo...
2020-08-23 22:40:51,168 : INFO : Random Forest best params: {'criterion': 'gini', 'max_depth': 2, 'max_features': 'auto', 'n_estimators': 4}
2020-08-23 22:40:51,169 : INFO : End of finding best params for randomforest algo...
2020-08-23 22:40:51,171 : INFO : AUC for Random Forest:0.8247619047619048
2020-08-23 22:40:51,172 : INFO : End of finding best model...
2020-08-23 22:40:51,172 : INFO : Start of Save Models
2020-08-23 22:40:51,294 : INFO : Model File RandomForest saved
2020-08-23 22:40:51,294 : INFO : End of Save Models
2020-08-23 22:40:51,295 : INFO : End of Training
