2020-08-13 21:33:09,263 : INFO : Start of Training
2020-08-13 21:33:09,264 : INFO : Run_id:2020-08-13_213309_538601003
2020-08-13 21:33:09,264 : INFO : Start of Data Load, validation and transformation
2020-08-13 21:33:09,264 : INFO : Start of Archiving Old Rejected Files...
2020-08-13 21:33:09,264 : INFO : End of Archiving Old Rejected Files...
2020-08-13 21:33:09,264 : INFO : Start of Archiving Old Validated Files...
2020-08-13 21:33:09,270 : INFO : End of Archiving Old Validated Files...
2020-08-13 21:33:09,270 : INFO : Start of Archiving Old Processed Files...
2020-08-13 21:33:09,291 : INFO : End of Archiving Old Processed Files...
2020-08-13 21:33:09,291 : INFO : Start of Archiving Old Result Files...
2020-08-13 21:33:09,292 : INFO : End of Archiving Old Result Files...
2020-08-13 21:33:09,292 : INFO : Start of Reading values From Schema...
2020-08-13 21:33:09,293 : INFO : End of Reading values From Schema...
2020-08-13 21:33:09,293 : INFO : Start of Validating Column Length...
2020-08-13 21:33:09,294 : INFO : End of Validating Column Length...
2020-08-13 21:33:09,294 : INFO : Start of Validating Missing Values...
2020-08-13 21:33:09,294 : INFO : End of Validating Missing Values...
2020-08-13 21:33:09,294 : INFO : Start of Replacing Missing Values with NULL...
2020-08-13 21:33:09,295 : INFO : End of Replacing Missing Values with NULL...
2020-08-13 21:33:09,295 : INFO : Start of Creating Table...
2020-08-13 21:33:09,296 : INFO : Opened training database successfully
2020-08-13 21:33:09,296 : INFO : Tables created successfully
2020-08-13 21:33:09,296 : INFO : Closed training database successfully
2020-08-13 21:33:09,297 : INFO : End of Creating Table...
2020-08-13 21:33:09,297 : INFO : Opened training database successfully
2020-08-13 21:33:09,297 : INFO : Start of Inserting Data into Table...
2020-08-13 21:33:09,298 : INFO : End of Inserting Data into Table...
2020-08-13 21:33:09,298 : INFO : Start of Exporting Data into CSV...
2020-08-13 21:33:09,298 : INFO : Opened training database successfully
2020-08-13 21:33:09,324 : INFO : End of Exporting Data into CSV...
2020-08-13 21:33:09,325 : INFO : Start of Moving Processed Files...
2020-08-13 21:33:09,326 : INFO : End of Moving Processed Files...
2020-08-13 21:33:09,327 : INFO : End of Data Load, validation and transformation
2020-08-13 21:33:09,327 : INFO : Start of Preprocessing...
2020-08-13 21:33:09,327 : INFO : Start of reading dataset...
2020-08-13 21:33:09,346 : INFO : End of reading dataset...
2020-08-13 21:33:09,347 : INFO : Start of Droping Columns...
2020-08-13 21:33:09,349 : INFO : End of Droping Columns...
2020-08-13 21:33:09,349 : INFO : Start of replacing invalid values...
2020-08-13 21:33:09,385 : INFO : end of replacing invalid values...
2020-08-13 21:33:09,385 : INFO : Start of encode Categorical Values ...
2020-08-13 21:33:09,392 : INFO : end of encode Categorical Values...
2020-08-13 21:33:09,393 : INFO : Start of feature encoding...
2020-08-13 21:33:09,431 : INFO : End of feature encoding...
2020-08-13 21:33:09,433 : INFO : Start of Droping Columns...
2020-08-13 21:33:09,435 : INFO : End of Droping Columns...
2020-08-13 21:33:09,435 : INFO : Start of finding missing values...
2020-08-13 21:33:09,443 : INFO : End of finding missing values...
2020-08-13 21:33:09,443 : INFO : Start of imputing missing values...
2020-08-13 21:33:09,455 : INFO : End of imputing missing values...
2020-08-13 21:33:09,455 : INFO : Start feature selection of dataset...
2020-08-13 21:33:09,475 : INFO : End feature selection of dataset...
2020-08-13 21:33:09,475 : INFO : Start of splitting features and label ...
2020-08-13 21:33:09,477 : INFO : End of splitting features and label ...
2020-08-13 21:33:09,477 : INFO : End of Preprocessing...
2020-08-13 21:33:09,480 : INFO : Start of finding best params for XGBoost algo...
2020-08-13 21:33:47,500 : INFO : XGBoost best params: {'learning_rate': 0.5, 'max_depth': 5, 'n_estimators': 50}
2020-08-13 21:33:47,500 : INFO : End of finding best params for XGBoost algo...
2020-08-13 21:33:47,504 : INFO : AUC for Xgboost:0.8904771970617765
2020-08-13 21:33:47,504 : INFO : Start of finding best params for randomforest algo...
2020-08-13 21:33:48,805 : INFO : Random Forest best params: {'criterion': 'gini', 'max_depth': 3, 'max_features': 'log2', 'n_estimators': 3}
2020-08-13 21:33:48,805 : INFO : End of finding best params for randomforest algo...
2020-08-13 21:33:48,808 : INFO : AUC for Random Forest:0.86550758336416
2020-08-13 21:33:48,808 : INFO : End of finding best model...
2020-08-13 21:33:48,808 : INFO : Start of Save Models
2020-08-13 21:33:48,829 : INFO : Model File XGB saved
2020-08-13 21:33:48,829 : INFO : End of Save Models
2020-08-13 21:33:48,830 : INFO : End of Training
