2020-08-12 09:46:43,978 : INFO : Start of Training
2020-08-12 09:46:43,978 : INFO : Run_id:2020-08-12_094643_207556654
2020-08-12 09:46:43,978 : INFO : Start of Data Load, validation and transformation
2020-08-12 09:46:43,978 : INFO : Start of Archiving Old Rejected Files...
2020-08-12 09:46:43,978 : INFO : End of Archiving Old Rejected Files...
2020-08-12 09:46:43,979 : INFO : Start of Archiving Old Validated Files...
2020-08-12 09:46:43,982 : INFO : End of Archiving Old Validated Files...
2020-08-12 09:46:43,982 : INFO : Start of Archiving Old Processed Files...
2020-08-12 09:46:43,983 : INFO : End of Archiving Old Processed Files...
2020-08-12 09:46:43,983 : INFO : Start of Archiving Old Result Files...
2020-08-12 09:46:43,984 : INFO : End of Archiving Old Result Files...
2020-08-12 09:46:43,984 : INFO : Start of Reading values From Schema...
2020-08-12 09:46:43,985 : INFO : End of Reading values From Schema...
2020-08-12 09:46:43,985 : INFO : Start of Validating Column Length...
2020-08-12 09:46:43,985 : INFO : End of Validating Column Length...
2020-08-12 09:46:43,985 : INFO : Start of Validating Missing Values...
2020-08-12 09:46:43,985 : INFO : End of Validating Missing Values...
2020-08-12 09:46:43,985 : INFO : Start of Replacing Missing Values with NULL...
2020-08-12 09:46:43,986 : INFO : End of Replacing Missing Values with NULL...
2020-08-12 09:46:43,986 : INFO : Start of Creating Table...
2020-08-12 09:46:43,987 : INFO : Opened training database successfully
2020-08-12 09:46:43,988 : INFO : Tables created successfully
2020-08-12 09:46:43,988 : INFO : Closed training database successfully
2020-08-12 09:46:43,988 : INFO : End of Creating Table...
2020-08-12 09:46:43,991 : INFO : Opened training database successfully
2020-08-12 09:46:43,991 : INFO : Start of Inserting Data into Table...
2020-08-12 09:46:43,991 : INFO : End of Inserting Data into Table...
2020-08-12 09:46:43,991 : INFO : Start of Exporting Data into CSV...
2020-08-12 09:46:43,992 : INFO : Opened training database successfully
2020-08-12 09:46:44,005 : INFO : End of Exporting Data into CSV...
2020-08-12 09:46:44,006 : INFO : Start of Moving Processed Files...
2020-08-12 09:46:44,007 : INFO : End of Moving Processed Files...
2020-08-12 09:46:44,007 : INFO : End of Data Load, validation and transformation
2020-08-12 09:46:44,007 : INFO : Start of Preprocessing...
2020-08-12 09:46:44,007 : INFO : Start of reading dataset...
2020-08-12 09:46:44,016 : INFO : End of reading dataset...
2020-08-12 09:46:44,017 : INFO : Start of Droping Columns...
2020-08-12 09:46:44,019 : INFO : End of Droping Columns...
2020-08-12 09:46:44,019 : INFO : Start of replacing invalid values...
2020-08-12 09:46:44,073 : INFO : end of replacing invalid values...
2020-08-12 09:46:44,073 : INFO : Start of encode Categorical Values ...
2020-08-12 09:46:44,090 : INFO : end of encode Categorical Values...
2020-08-12 09:46:44,090 : INFO : Start of feature encoding...
2020-08-12 09:46:44,104 : INFO : End of feature encoding...
2020-08-12 09:46:44,107 : INFO : Start of Droping Columns...
2020-08-12 09:46:44,109 : INFO : End of Droping Columns...
2020-08-12 09:46:44,109 : INFO : Start of finding missing values...
2020-08-12 09:46:44,249 : INFO : End of finding missing values...
2020-08-12 09:46:44,249 : INFO : Start of imputing missing values...
2020-08-12 09:46:44,282 : INFO : End of imputing missing values...
2020-08-12 09:46:44,282 : INFO : Start of splitting features and label ...
2020-08-12 09:46:44,285 : INFO : End of splitting features and label ...
2020-08-12 09:46:44,286 : INFO : End of Preprocessing...
2020-08-12 09:46:44,289 : INFO : Start of elbow plotting...
2020-08-12 09:46:45,332 : INFO : The optimum number of clusters is: 3
2020-08-12 09:46:45,333 : INFO : End of elbow plotting...
2020-08-12 09:46:45,333 : INFO : Start of Create clusters...
2020-08-12 09:46:45,426 : INFO : Start of Save Models
2020-08-12 09:46:45,426 : INFO : Start of Save Models
2020-08-12 09:46:45,433 : INFO : Model File KMeans saved
2020-08-12 09:46:45,433 : INFO : Model File KMeans saved
2020-08-12 09:46:45,433 : INFO : End of Save Models
2020-08-12 09:46:45,433 : INFO : End of Save Models
2020-08-12 09:46:45,434 : INFO : succesfully created 3clusters.
2020-08-12 09:46:45,435 : INFO : End of Create clusters...
2020-08-12 09:46:45,445 : INFO : Start of finding best model...
2020-08-12 09:46:45,446 : INFO : Start of finding best params for KNN algo...
2020-08-12 09:46:54,787 : INFO : Knn Forest best params: {'algorithm': 'ball_tree', 'leaf_size': 10, 'n_neighbors': 2, 'p': 1}
2020-08-12 09:46:54,788 : INFO : End of finding best params for knn algo...
2020-08-12 09:46:54,938 : INFO : AUC for knn:0.5877568493150684
2020-08-12 09:46:54,939 : INFO : Start of finding best params for randomforest algo...
2020-08-12 09:47:16,607 : INFO : Random Forest best params: {'criterion': 'gini', 'max_depth': 3, 'max_features': 'log2', 'n_estimators': 100}
2020-08-12 09:47:16,607 : INFO : End of finding best params for randomforest algo...
2020-08-12 09:47:16,620 : INFO : AUC for Random Forest:0.832833904109589
2020-08-12 09:47:16,620 : INFO : End of finding best model...
2020-08-12 09:47:16,620 : INFO : Start of Save Models
2020-08-12 09:47:16,620 : INFO : Start of Save Models
2020-08-12 09:47:16,624 : INFO : Model File RandomForest0 saved
2020-08-12 09:47:16,624 : INFO : Model File RandomForest0 saved
2020-08-12 09:47:16,624 : INFO : End of Save Models
2020-08-12 09:47:16,624 : INFO : End of Save Models
2020-08-12 09:47:16,627 : INFO : Start of finding best model...
2020-08-12 09:47:16,627 : INFO : Start of finding best params for KNN algo...
2020-08-12 09:47:51,391 : INFO : Knn Forest best params: {'algorithm': 'ball_tree', 'leaf_size': 10, 'n_neighbors': 1, 'p': 1}
2020-08-12 09:47:51,391 : INFO : End of finding best params for knn algo...
2020-08-12 09:47:51,495 : INFO : Accuracy for knn:1.0
2020-08-12 09:47:51,495 : INFO : Start of finding best params for randomforest algo...
2020-08-12 09:47:51,496 : ERROR : Exception raised while finding best params for randomforest algo:Cannot have number of splits n_splits=5 greater than the number of samples: n_samples=3.
Traceback (most recent call last):
  File "C:\Users\sreeh\Desktop\group project\actual project\apps\tuning\model_tuner.py", line 56, in best_params_randomforest
    # Creating an object of the Grid Search class
  File "C:\Users\sreeh\AppData\Roaming\Python\Python36\site-packages\sklearn\model_selection\_search.py", line 710, in fit
    self._run_search(evaluate_candidates)
  File "C:\Users\sreeh\AppData\Roaming\Python\Python36\site-packages\sklearn\model_selection\_search.py", line 1151, in _run_search
    evaluate_candidates(ParameterGrid(self.param_grid))
  File "C:\Users\sreeh\AppData\Roaming\Python\Python36\site-packages\sklearn\model_selection\_search.py", line 689, in evaluate_candidates
    cv.split(X, y, groups)))
  File "C:\Users\sreeh\AppData\Roaming\Python\Python36\site-packages\sklearn\model_selection\_split.py", line 333, in split
    .format(self.n_splits, n_samples))
ValueError: Cannot have number of splits n_splits=5 greater than the number of samples: n_samples=3.
2020-08-12 09:47:51,497 : ERROR : Exception raised while finding best model:
Traceback (most recent call last):
  File "C:\Users\sreeh\Desktop\group project\actual project\apps\tuning\model_tuner.py", line 56, in best_params_randomforest
    # Creating an object of the Grid Search class
  File "C:\Users\sreeh\AppData\Roaming\Python\Python36\site-packages\sklearn\model_selection\_search.py", line 710, in fit
    self._run_search(evaluate_candidates)
  File "C:\Users\sreeh\AppData\Roaming\Python\Python36\site-packages\sklearn\model_selection\_search.py", line 1151, in _run_search
    evaluate_candidates(ParameterGrid(self.param_grid))
  File "C:\Users\sreeh\AppData\Roaming\Python\Python36\site-packages\sklearn\model_selection\_search.py", line 689, in evaluate_candidates
    cv.split(X, y, groups)))
  File "C:\Users\sreeh\AppData\Roaming\Python\Python36\site-packages\sklearn\model_selection\_split.py", line 333, in split
    .format(self.n_splits, n_samples))
ValueError: Cannot have number of splits n_splits=5 greater than the number of samples: n_samples=3.

During handling of the above exception, another exception occurred:

Traceback (most recent call last):
  File "C:\Users\sreeh\Desktop\group project\actual project\apps\tuning\model_tuner.py", line 194, in get_best_model
    self.logger.info('AUC for knn:' + str(self.knn_score))
  File "C:\Users\sreeh\Desktop\group project\actual project\apps\tuning\model_tuner.py", line 75, in best_params_randomforest
    return self.rfc
Exception
2020-08-12 09:47:51,498 : ERROR : Unsuccessful End of Training
Traceback (most recent call last):
  File "C:\Users\sreeh\Desktop\group project\actual project\apps\tuning\model_tuner.py", line 56, in best_params_randomforest
    # Creating an object of the Grid Search class
  File "C:\Users\sreeh\AppData\Roaming\Python\Python36\site-packages\sklearn\model_selection\_search.py", line 710, in fit
    self._run_search(evaluate_candidates)
  File "C:\Users\sreeh\AppData\Roaming\Python\Python36\site-packages\sklearn\model_selection\_search.py", line 1151, in _run_search
    evaluate_candidates(ParameterGrid(self.param_grid))
  File "C:\Users\sreeh\AppData\Roaming\Python\Python36\site-packages\sklearn\model_selection\_search.py", line 689, in evaluate_candidates
    cv.split(X, y, groups)))
  File "C:\Users\sreeh\AppData\Roaming\Python\Python36\site-packages\sklearn\model_selection\_split.py", line 333, in split
    .format(self.n_splits, n_samples))
ValueError: Cannot have number of splits n_splits=5 greater than the number of samples: n_samples=3.

During handling of the above exception, another exception occurred:

Traceback (most recent call last):
  File "C:\Users\sreeh\Desktop\group project\actual project\apps\tuning\model_tuner.py", line 194, in get_best_model
    self.logger.info('AUC for knn:' + str(self.knn_score))
  File "C:\Users\sreeh\Desktop\group project\actual project\apps\tuning\model_tuner.py", line 75, in best_params_randomforest
    return self.rfc
Exception

During handling of the above exception, another exception occurred:

Traceback (most recent call last):
  File "C:\Users\sreeh\Desktop\group project\actual project\apps\training\train_model.py", line 78, in training_model
    best_model_name, best_model = self.modelTuner.get_best_model(x_train, y_train, x_test, y_test)
  File "C:\Users\sreeh\Desktop\group project\actual project\apps\tuning\model_tuner.py", line 215, in get_best_model
Exception
