2020-08-13 18:44:11,521 : INFO : Start of Training
2020-08-13 18:44:11,522 : INFO : Run_id:2020-08-13_184411_747941388
2020-08-13 18:44:11,522 : INFO : Start of Data Load, validation and transformation
2020-08-13 18:44:11,522 : INFO : Start of Archiving Old Rejected Files...
2020-08-13 18:44:11,522 : INFO : End of Archiving Old Rejected Files...
2020-08-13 18:44:11,522 : INFO : Start of Archiving Old Validated Files...
2020-08-13 18:44:11,526 : INFO : End of Archiving Old Validated Files...
2020-08-13 18:44:11,526 : INFO : Start of Archiving Old Processed Files...
2020-08-13 18:44:11,531 : INFO : End of Archiving Old Processed Files...
2020-08-13 18:44:11,531 : INFO : Start of Archiving Old Result Files...
2020-08-13 18:44:11,536 : INFO : End of Archiving Old Result Files...
2020-08-13 18:44:11,536 : INFO : Start of Reading values From Schema...
2020-08-13 18:44:11,537 : INFO : End of Reading values From Schema...
2020-08-13 18:44:11,537 : INFO : Start of Validating Column Length...
2020-08-13 18:44:11,537 : INFO : End of Validating Column Length...
2020-08-13 18:44:11,537 : INFO : Start of Validating Missing Values...
2020-08-13 18:44:11,538 : INFO : End of Validating Missing Values...
2020-08-13 18:44:11,538 : INFO : Start of Replacing Missing Values with NULL...
2020-08-13 18:44:11,538 : INFO : End of Replacing Missing Values with NULL...
2020-08-13 18:44:11,538 : INFO : Start of Creating Table...
2020-08-13 18:44:11,539 : INFO : Opened training database successfully
2020-08-13 18:44:11,540 : INFO : Tables created successfully
2020-08-13 18:44:11,540 : INFO : Closed training database successfully
2020-08-13 18:44:11,540 : INFO : End of Creating Table...
2020-08-13 18:44:11,540 : INFO : Opened training database successfully
2020-08-13 18:44:11,541 : INFO : Start of Inserting Data into Table...
2020-08-13 18:44:11,541 : INFO : End of Inserting Data into Table...
2020-08-13 18:44:11,541 : INFO : Start of Exporting Data into CSV...
2020-08-13 18:44:11,541 : INFO : Opened training database successfully
2020-08-13 18:44:11,550 : INFO : End of Exporting Data into CSV...
2020-08-13 18:44:11,551 : INFO : Start of Moving Processed Files...
2020-08-13 18:44:11,551 : INFO : End of Moving Processed Files...
2020-08-13 18:44:11,551 : INFO : End of Data Load, validation and transformation
2020-08-13 18:44:11,552 : INFO : Start of Preprocessing...
2020-08-13 18:44:11,552 : INFO : Start of reading dataset...
2020-08-13 18:44:11,559 : INFO : End of reading dataset...
2020-08-13 18:44:11,559 : INFO : Start of Droping Columns...
2020-08-13 18:44:11,561 : INFO : End of Droping Columns...
2020-08-13 18:44:11,561 : INFO : Start of replacing invalid values...
2020-08-13 18:44:11,600 : INFO : end of replacing invalid values...
2020-08-13 18:44:11,601 : INFO : Start of encode Categorical Values ...
2020-08-13 18:44:11,612 : INFO : end of encode Categorical Values...
2020-08-13 18:44:11,612 : INFO : Start of feature encoding...
2020-08-13 18:44:11,627 : INFO : End of feature encoding...
2020-08-13 18:44:11,629 : INFO : Start of Droping Columns...
2020-08-13 18:44:11,631 : INFO : End of Droping Columns...
2020-08-13 18:44:11,631 : INFO : Start of finding missing values...
2020-08-13 18:44:11,638 : INFO : End of finding missing values...
2020-08-13 18:44:11,638 : INFO : Start of imputing missing values...
2020-08-13 18:44:11,648 : INFO : End of imputing missing values...
2020-08-13 18:44:11,648 : INFO : Start feature selection of dataset...
2020-08-13 18:44:11,664 : INFO : End feature selection of dataset...
2020-08-13 18:44:11,664 : INFO : Start of splitting features and label ...
2020-08-13 18:44:11,666 : INFO : End of splitting features and label ...
2020-08-13 18:44:11,666 : INFO : End of Preprocessing...
2020-08-13 18:44:11,668 : INFO : Start of finding best params for XGBoost algo...
2020-08-13 18:44:41,372 : INFO : XGBoost best params: {'learning_rate': 0.001, 'max_depth': 3, 'n_estimators': 10}
2020-08-13 18:44:41,372 : INFO : End of finding best params for XGBoost algo...
2020-08-13 18:44:41,375 : INFO : AUC for Xgboost:0.7999999999999999
2020-08-13 18:44:41,375 : INFO : Start of finding best params for randomforest algo...
2020-08-13 18:44:42,603 : INFO : Random Forest best params: {'criterion': 'entropy', 'max_depth': 2, 'max_features': 'auto', 'n_estimators': 2}
2020-08-13 18:44:42,604 : INFO : End of finding best params for randomforest algo...
2020-08-13 18:44:42,606 : INFO : AUC for Random Forest:0.8815873015873015
2020-08-13 18:44:42,606 : INFO : End of finding best model...
2020-08-13 18:44:42,607 : ERROR : Unsuccessful End of Training
Traceback (most recent call last):
  File "C:\Users\sreeh\Desktop\group project\actual project\apps\training\train_model.py", line 81, in training_model
    save_model = self.fileOperation.save_model(best_model, best_model_name)
NameError: name 'i' is not defined
