2020-08-13 18:51:13,137 : INFO : Start of Training
2020-08-13 18:51:13,137 : INFO : Run_id:2020-08-13_185113_649517048
2020-08-13 18:51:13,138 : INFO : Start of Data Load, validation and transformation
2020-08-13 18:51:13,138 : INFO : Start of Archiving Old Rejected Files...
2020-08-13 18:51:13,138 : INFO : End of Archiving Old Rejected Files...
2020-08-13 18:51:13,138 : INFO : Start of Archiving Old Validated Files...
2020-08-13 18:51:13,141 : INFO : End of Archiving Old Validated Files...
2020-08-13 18:51:13,141 : INFO : Start of Archiving Old Processed Files...
2020-08-13 18:51:13,142 : INFO : End of Archiving Old Processed Files...
2020-08-13 18:51:13,142 : INFO : Start of Archiving Old Result Files...
2020-08-13 18:51:13,160 : INFO : End of Archiving Old Result Files...
2020-08-13 18:51:13,160 : INFO : Start of Reading values From Schema...
2020-08-13 18:51:13,161 : INFO : End of Reading values From Schema...
2020-08-13 18:51:13,161 : INFO : Start of Validating Column Length...
2020-08-13 18:51:13,171 : INFO : End of Validating Column Length...
2020-08-13 18:51:13,171 : INFO : Start of Validating Missing Values...
2020-08-13 18:51:13,190 : INFO : End of Validating Missing Values...
2020-08-13 18:51:13,190 : INFO : Start of Replacing Missing Values with NULL...
2020-08-13 18:51:13,214 : INFO : Credit_Approval_rename_data.csv: File Transformed successfully!!
2020-08-13 18:51:13,215 : INFO : End of Replacing Missing Values with NULL...
2020-08-13 18:51:13,215 : INFO : Start of Creating Table...
2020-08-13 18:51:13,216 : INFO : Opened training database successfully
2020-08-13 18:51:13,216 : INFO : Tables created successfully
2020-08-13 18:51:13,216 : INFO : Closed training database successfully
2020-08-13 18:51:13,217 : INFO : End of Creating Table...
2020-08-13 18:51:13,217 : INFO : Opened training database successfully
2020-08-13 18:51:13,217 : INFO : Start of Inserting Data into Table...
2020-08-13 18:52:45,161 : INFO : End of Inserting Data into Table...
2020-08-13 18:52:45,162 : INFO : Start of Exporting Data into CSV...
2020-08-13 18:52:45,162 : INFO : Opened training database successfully
2020-08-13 18:52:45,188 : INFO : End of Exporting Data into CSV...
2020-08-13 18:52:45,188 : INFO : Start of Moving Processed Files...
2020-08-13 18:52:45,190 : INFO : Moved the already processed file Credit_Approval_rename_data.csv
2020-08-13 18:52:45,190 : INFO : End of Moving Processed Files...
2020-08-13 18:52:45,190 : INFO : End of Data Load, validation and transformation
2020-08-13 18:52:45,190 : INFO : Start of Preprocessing...
2020-08-13 18:52:45,190 : INFO : Start of reading dataset...
2020-08-13 18:52:45,198 : INFO : End of reading dataset...
2020-08-13 18:52:45,198 : INFO : Start of Droping Columns...
2020-08-13 18:52:45,199 : INFO : End of Droping Columns...
2020-08-13 18:52:45,199 : INFO : Start of replacing invalid values...
2020-08-13 18:52:45,230 : INFO : end of replacing invalid values...
2020-08-13 18:52:45,230 : INFO : Start of encode Categorical Values ...
2020-08-13 18:52:45,242 : INFO : end of encode Categorical Values...
2020-08-13 18:52:45,243 : INFO : Start of feature encoding...
2020-08-13 18:52:45,265 : INFO : End of feature encoding...
2020-08-13 18:52:45,269 : INFO : Start of Droping Columns...
2020-08-13 18:52:45,272 : INFO : End of Droping Columns...
2020-08-13 18:52:45,272 : INFO : Start of finding missing values...
2020-08-13 18:52:45,279 : INFO : End of finding missing values...
2020-08-13 18:52:45,279 : INFO : Start of imputing missing values...
2020-08-13 18:52:45,297 : INFO : End of imputing missing values...
2020-08-13 18:52:45,297 : INFO : Start feature selection of dataset...
2020-08-13 18:52:45,341 : INFO : End feature selection of dataset...
2020-08-13 18:52:45,341 : INFO : Start of splitting features and label ...
2020-08-13 18:52:45,342 : INFO : End of splitting features and label ...
2020-08-13 18:52:45,342 : INFO : End of Preprocessing...
2020-08-13 18:52:45,344 : INFO : Start of finding best params for XGBoost algo...
2020-08-13 18:53:22,675 : INFO : XGBoost best params: {'learning_rate': 0.5, 'max_depth': 5, 'n_estimators': 50}
2020-08-13 18:53:22,675 : INFO : End of finding best params for XGBoost algo...
2020-08-13 18:53:22,679 : INFO : AUC for Xgboost:0.8904771970617765
2020-08-13 18:53:22,679 : INFO : Start of finding best params for randomforest algo...
2020-08-13 18:53:23,971 : INFO : Random Forest best params: {'criterion': 'gini', 'max_depth': 2, 'max_features': 'auto', 'n_estimators': 4}
2020-08-13 18:53:23,972 : INFO : End of finding best params for randomforest algo...
2020-08-13 18:53:23,974 : INFO : AUC for Random Forest:0.8694445912381759
2020-08-13 18:53:23,974 : INFO : End of finding best model...
2020-08-13 18:53:23,975 : INFO : Start of Save Models
2020-08-13 18:53:24,074 : INFO : Model File XGB saved
2020-08-13 18:53:24,074 : INFO : End of Save Models
2020-08-13 18:53:24,076 : INFO : End of Training
